# do {tb_gige_compile.do}
# ** Warning: (vlib-34) Library already exists at "modelsim_lib/work".
# ** Warning: (vlib-34) Library already exists at "modelsim_lib/msim".
# ** Warning: (vlib-34) Library already exists at "modelsim_lib/msim/xil_defaultlib".
# Model Technology ModelSim SE-64 vmap 10.7 Lib Mapping Utility 2017.12 Dec  7 2017
# vmap xil_defaultlib modelsim_lib/msim/xil_defaultlib 
# Modifying modelsim.ini
# ** Warning: (vlog-159) Mode option -64 is not supported in this context and will be ignored.
# Model Technology ModelSim SE-64 vlog 10.7 Compiler 2017.12 Dec  7 2017
# Start time: 10:20:44 on Feb 12,2020
# vlog -64 -incr -work xil_defaultlib ../../../../gige_tx_frame.srcs/sources_1/ip/blk_wr8x4096/sim/blk_wr8x4096.v ../../../../gige_tx_frame.srcs/sources_1/new/checksum_ctrl.v ../../../../gige_tx_frame.srcs/sources_1/new/gen_frame_ctrl.v ../../../../gige_tx_frame.srcs/sources_1/new/timer.v ../../../../gige_tx_frame.srcs/sources_1/new/top_gige.v ../../../../gige_tx_frame.srcs/sim_1/new/tb_gige.v 
# -- Skipping module blk_wr8x4096
# -- Compiling module checksum_ctrl
# -- Skipping module gen_frame_ctrl
# -- Skipping module timer
# -- Skipping module top_gige
# -- Skipping module tb_gige
# 
# Top level modules:
# 	tb_gige
# End time: 10:20:44 on Feb 12,2020, Elapsed time: 0:00:00
# Errors: 0, Warnings: 1
# Model Technology ModelSim SE-64 vlog 10.7 Compiler 2017.12 Dec  7 2017
# Start time: 10:20:44 on Feb 12,2020
# vlog -work xil_defaultlib glbl.v 
# -- Compiling module glbl
# 
# Top level modules:
# 	glbl
# End time: 10:20:44 on Feb 12,2020, Elapsed time: 0:00:00
# Errors: 0, Warnings: 0
