#-----------------------------------------------------------
# Vivado v2018.2 (64-bit)
# SW Build 2258646 on Thu Jun 14 20:03:12 MDT 2018
# IP Build 2256618 on Thu Jun 14 22:10:49 MDT 2018
# Start of session at: Sat Feb  8 16:26:37 2020
# Process ID: 9404
# Current directory: E:/Exercise/FPGA/v3edu/09_Gige_HDMI/vivado/Gige_HDMI
# Command line: vivado.exe -gui_launcher_event rodinguilauncherevent13120 E:\Exercise\FPGA\v3edu\09_Gige_HDMI\vivado\Gige_HDMI\Gige_HDMI.xpr
# Log file: E:/Exercise/FPGA/v3edu/09_Gige_HDMI/vivado/Gige_HDMI/vivado.log
# Journal file: E:/Exercise/FPGA/v3edu/09_Gige_HDMI/vivado/Gige_HDMI\vivado.jou
#-----------------------------------------------------------
start_gui
open_project E:/Exercise/FPGA/v3edu/09_Gige_HDMI/vivado/Gige_HDMI/Gige_HDMI.xpr
Scanning sources...
Finished scanning sources
INFO: [IP_Flow 19-234] Refreshing IP repositories
INFO: [IP_Flow 19-1704] No user IP repositories specified
INFO: [IP_Flow 19-2313] Loaded Vivado IP repository 'D:/ProgramData/Xilinx/Vivado/2018.2/data/ip'.
open_project: Time (s): cpu = 00:00:13 ; elapsed = 00:00:07 . Memory (MB): peak = 870.383 ; gain = 162.488
update_compile_order -fileset sources_1
open_hw
connect_hw_server
INFO: [Labtools 27-2285] Connecting to hw_server url TCP:localhost:3121
INFO: [Labtools 27-2222] Launching hw_server...
INFO: [Labtools 27-2221] Launch Output:

****** Xilinx hw_server v2018.2
  **** Build date : Jun 14 2018-20:42:52
    ** Copyright 1986-2018 Xilinx, Inc. All Rights Reserved.


connect_hw_server: Time (s): cpu = 00:00:01 ; elapsed = 00:00:05 . Memory (MB): peak = 881.789 ; gain = 0.000
open_hw_target
INFO: [Labtoolstcl 44-466] Opening hw_target localhost:3121/xilinx_tcf/Digilent/210203368853A
set_property PROGRAM.FILE {E:/Exercise/FPGA/v3edu/09_Gige_HDMI/vivado/Gige_HDMI/Gige_HDMI.runs/impl_1/top_gige_hdmi.bit} [get_hw_devices xc7a75t_0]
set_property PROBES.FILE {E:/Exercise/FPGA/v3edu/09_Gige_HDMI/vivado/Gige_HDMI/Gige_HDMI.runs/impl_1/top_gige_hdmi.ltx} [get_hw_devices xc7a75t_0]
set_property FULL_PROBES.FILE {E:/Exercise/FPGA/v3edu/09_Gige_HDMI/vivado/Gige_HDMI/Gige_HDMI.runs/impl_1/top_gige_hdmi.ltx} [get_hw_devices xc7a75t_0]
current_hw_device [get_hw_devices xc7a75t_0]
refresh_hw_device [lindex [get_hw_devices xc7a75t_0] 0]
INFO: [Labtools 27-1435] Device xc7a75t (JTAG device index = 0) is not programmed (DONE status = 0).
set_property PROBES.FILE {E:/Exercise/FPGA/v3edu/09_Gige_HDMI/vivado/Gige_HDMI/Gige_HDMI.runs/impl_1/top_gige_hdmi.ltx} [get_hw_devices xc7a75t_0]
set_property FULL_PROBES.FILE {E:/Exercise/FPGA/v3edu/09_Gige_HDMI/vivado/Gige_HDMI/Gige_HDMI.runs/impl_1/top_gige_hdmi.ltx} [get_hw_devices xc7a75t_0]
set_property PROGRAM.FILE {E:/Exercise/FPGA/v3edu/09_Gige_HDMI/vivado/Gige_HDMI/Gige_HDMI.runs/impl_1/top_gige_hdmi.bit} [get_hw_devices xc7a75t_0]
program_hw_devices [get_hw_devices xc7a75t_0]
INFO: [Labtools 27-3164] End of startup status: HIGH
refresh_hw_device [lindex [get_hw_devices xc7a75t_0] 0]
INFO: [Labtools 27-2302] Device xc7a75t (JTAG device index = 0) is programmed with a design that has 1 ILA core(s).
display_hw_ila_data [ get_hw_ila_data hw_ila_data_1 -of_objects [get_hw_ilas -of_objects [get_hw_devices xc7a75t_0] -filter {CELL_NAME=~"inst_ila_top"}]]
INFO: [Labtools 27-3304] ILA Waveform data saved to file E:/Exercise/FPGA/v3edu/09_Gige_HDMI/vivado/Gige_HDMI/Gige_HDMI.hw/backup/hw_ila_data_1.ila. Use Tcl command 'read_hw_ila_data' or Vivado File->Import->Import ILA Data menu item to import the previously saved data.
run_hw_ila [get_hw_ilas -of_objects [get_hw_devices xc7a75t_0] -filter {CELL_NAME=~"inst_ila_top"}]
INFO: [Labtools 27-1964] The ILA core 'hw_ila_1' trigger was armed at 2020-Feb-08 16:28:41
wait_on_hw_ila [get_hw_ilas -of_objects [get_hw_devices xc7a75t_0] -filter {CELL_NAME=~"inst_ila_top"}]
display_hw_ila_data [upload_hw_ila_data [get_hw_ilas -of_objects [get_hw_devices xc7a75t_0] -filter {CELL_NAME=~"inst_ila_top"}]]
INFO: [Labtools 27-1966] The ILA core 'hw_ila_1' triggered at 2020-Feb-08 16:28:41
INFO: [Labtools 27-3304] ILA Waveform data saved to file E:/Exercise/FPGA/v3edu/09_Gige_HDMI/vivado/Gige_HDMI/Gige_HDMI.hw/backup/hw_ila_data_1.ila. Use Tcl command 'read_hw_ila_data' or Vivado File->Import->Import ILA Data menu item to import the previously saved data.
save_wave_config {E:/Exercise/FPGA/v3edu/09_Gige_HDMI/vivado/Gige_HDMI/Gige_HDMI.hw/hw_1/wave/hw_ila_data_1/hw_ila_data_1.wcfg}
close_hw
close_project
open_project E:/Exercise/FPGA/v3edu/test08_Gige_RGMII/design/Gige_HDMI/Gige_HDMI.xpr
Scanning sources...
Finished scanning sources
INFO: [IP_Flow 19-234] Refreshing IP repositories
INFO: [IP_Flow 19-1704] No user IP repositories specified
INFO: [IP_Flow 19-2313] Loaded Vivado IP repository 'D:/ProgramData/Xilinx/Vivado/2018.2/data/ip'.
update_compile_order -fileset sources_1
open_hw
connect_hw_server
INFO: [Labtools 27-2285] Connecting to hw_server url TCP:localhost:3121
INFO: [Labtools 27-2222] Launching hw_server...
INFO: [Labtools 27-2221] Launch Output:

****** Xilinx hw_server v2018.2
  **** Build date : Jun 14 2018-20:42:52
    ** Copyright 1986-2018 Xilinx, Inc. All Rights Reserved.


open_hw_target
INFO: [Labtoolstcl 44-466] Opening hw_target localhost:3121/xilinx_tcf/Digilent/210203368853A
set_property PROGRAM.FILE {E:/Exercise/FPGA/v3edu/test08_Gige_RGMII/design/Gige_HDMI/Gige_HDMI.runs/impl_1/top_gige_hdmi.bit} [get_hw_devices xc7a75t_0]
set_property PROBES.FILE {E:/Exercise/FPGA/v3edu/test08_Gige_RGMII/design/Gige_HDMI/Gige_HDMI.runs/impl_1/top_gige_hdmi.ltx} [get_hw_devices xc7a75t_0]
set_property FULL_PROBES.FILE {E:/Exercise/FPGA/v3edu/test08_Gige_RGMII/design/Gige_HDMI/Gige_HDMI.runs/impl_1/top_gige_hdmi.ltx} [get_hw_devices xc7a75t_0]
current_hw_device [get_hw_devices xc7a75t_0]
refresh_hw_device [lindex [get_hw_devices xc7a75t_0] 0]
INFO: [Labtools 27-2302] Device xc7a75t (JTAG device index = 0) is programmed with a design that has 1 ILA core(s).
WARNING: [Labtools 27-3413] Dropping logic core with cellname:'your_instance_name' at location 'uuid_C43761E0C03650398C6907A263A83E64' from probes file, since it cannot be found on the programmed device.
WARNING: [Labtools 27-1974] Mismatch between the design programmed into the device xc7a75t_0 and the probes file(s) E:/Exercise/FPGA/v3edu/test08_Gige_RGMII/design/Gige_HDMI/Gige_HDMI.runs/impl_1/top_gige_hdmi.ltx.
The device design has 1 ILA core(s) and 0 VIO core(s). 0 ILA core(s) and 0 VIO core(s) are matched in the probes file(s).
Resolution: 
1. Reprogram device with the correct programming file and associated probes file(s) OR
2. Goto device properties and associate the correct probes file(s) with the programming file already programmed in the device.
ERROR: [Labtoolstcl 44-513] HW Target shutdown. Closing target: localhost:3121/xilinx_tcf/Digilent/210203368853A
INFO: [Labtoolstcl 44-466] Opening hw_target localhost:3121/xilinx_tcf/Digilent/210203368853A
INFO: [Labtools 27-1435] Device xc7a75t (JTAG device index = 0) is not programmed (DONE status = 0).
WARNING: [Labtoolstcl 44-129] No matching hw_ila_data was found.
set_property PROBES.FILE {E:/Exercise/FPGA/v3edu/test08_Gige_RGMII/design/Gige_HDMI/Gige_HDMI.runs/impl_1/top_gige_hdmi.ltx} [get_hw_devices xc7a75t_0]
set_property FULL_PROBES.FILE {E:/Exercise/FPGA/v3edu/test08_Gige_RGMII/design/Gige_HDMI/Gige_HDMI.runs/impl_1/top_gige_hdmi.ltx} [get_hw_devices xc7a75t_0]
set_property PROGRAM.FILE {E:/Exercise/FPGA/v3edu/test08_Gige_RGMII/design/Gige_HDMI/Gige_HDMI.runs/impl_1/top_gige_hdmi.bit} [get_hw_devices xc7a75t_0]
program_hw_devices [get_hw_devices xc7a75t_0]
INFO: [Labtools 27-3164] End of startup status: HIGH
refresh_hw_device [lindex [get_hw_devices xc7a75t_0] 0]
INFO: [Labtools 27-2302] Device xc7a75t (JTAG device index = 0) is programmed with a design that has 1 ILA core(s).
display_hw_ila_data [ get_hw_ila_data hw_ila_data_1 -of_objects [get_hw_ilas -of_objects [get_hw_devices xc7a75t_0] -filter {CELL_NAME=~"your_instance_name"}]]
INFO: [Labtools 27-3304] ILA Waveform data saved to file E:/Exercise/FPGA/v3edu/test08_Gige_RGMII/design/Gige_HDMI/Gige_HDMI.hw/backup/hw_ila_data_1.ila. Use Tcl command 'read_hw_ila_data' or Vivado File->Import->Import ILA Data menu item to import the previously saved data.
run_hw_ila [get_hw_ilas -of_objects [get_hw_devices xc7a75t_0] -filter {CELL_NAME=~"your_instance_name"}] -trigger_now
INFO: [Labtools 27-1964] The ILA core 'hw_ila_1' trigger was armed at 2020-Feb-08 16:46:45
wait_on_hw_ila [get_hw_ilas -of_objects [get_hw_devices xc7a75t_0] -filter {CELL_NAME=~"your_instance_name"}]
display_hw_ila_data [upload_hw_ila_data [get_hw_ilas -of_objects [get_hw_devices xc7a75t_0] -filter {CELL_NAME=~"your_instance_name"}]]
INFO: [Labtools 27-1966] The ILA core 'hw_ila_1' triggered at 2020-Feb-08 16:46:45
INFO: [Labtools 27-3304] ILA Waveform data saved to file E:/Exercise/FPGA/v3edu/test08_Gige_RGMII/design/Gige_HDMI/Gige_HDMI.hw/backup/hw_ila_data_1.ila. Use Tcl command 'read_hw_ila_data' or Vivado File->Import->Import ILA Data menu item to import the previously saved data.
run_hw_ila [get_hw_ilas -of_objects [get_hw_devices xc7a75t_0] -filter {CELL_NAME=~"your_instance_name"}]
INFO: [Labtools 27-1964] The ILA core 'hw_ila_1' trigger was armed at 2020-Feb-08 16:46:49
save_wave_config {E:/Exercise/FPGA/v3edu/test08_Gige_RGMII/design/Gige_HDMI/Gige_HDMI.hw/hw_1/wave/hw_ila_data_1/hw_ila_data_1.wcfg}
close_hw
reset_run synth_1
WARNING: [Vivado 12-1017] Problems encountered:
1. Failed to delete one or more files in run directory E:/Exercise/FPGA/v3edu/test08_Gige_RGMII/design/Gige_HDMI/Gige_HDMI.runs/synth_1

launch_runs impl_1 -to_step write_bitstream -jobs 12
[Sat Feb  8 16:54:28 2020] Launched synth_1...
Run output will be captured here: E:/Exercise/FPGA/v3edu/test08_Gige_RGMII/design/Gige_HDMI/Gige_HDMI.runs/synth_1/runme.log
[Sat Feb  8 16:54:28 2020] Launched impl_1...
Run output will be captured here: E:/Exercise/FPGA/v3edu/test08_Gige_RGMII/design/Gige_HDMI/Gige_HDMI.runs/impl_1/runme.log
open_hw
connect_hw_server
INFO: [Labtools 27-2285] Connecting to hw_server url TCP:localhost:3121
INFO: [Labtools 27-2222] Launching hw_server...
INFO: [Labtools 27-2221] Launch Output:

****** Xilinx hw_server v2018.2
  **** Build date : Jun 14 2018-20:42:52
    ** Copyright 1986-2018 Xilinx, Inc. All Rights Reserved.


open_hw_target
INFO: [Labtoolstcl 44-466] Opening hw_target localhost:3121/xilinx_tcf/Digilent/210203368853A
set_property PROGRAM.FILE {E:/Exercise/FPGA/v3edu/test08_Gige_RGMII/design/Gige_HDMI/Gige_HDMI.runs/impl_1/top_gige_hdmi.bit} [get_hw_devices xc7a75t_0]
set_property PROBES.FILE {E:/Exercise/FPGA/v3edu/test08_Gige_RGMII/design/Gige_HDMI/Gige_HDMI.runs/impl_1/top_gige_hdmi.ltx} [get_hw_devices xc7a75t_0]
set_property FULL_PROBES.FILE {E:/Exercise/FPGA/v3edu/test08_Gige_RGMII/design/Gige_HDMI/Gige_HDMI.runs/impl_1/top_gige_hdmi.ltx} [get_hw_devices xc7a75t_0]
current_hw_device [get_hw_devices xc7a75t_0]
refresh_hw_device [lindex [get_hw_devices xc7a75t_0] 0]
INFO: [Labtools 27-1435] Device xc7a75t (JTAG device index = 0) is not programmed (DONE status = 0).
set_property PROBES.FILE {E:/Exercise/FPGA/v3edu/test08_Gige_RGMII/design/Gige_HDMI/Gige_HDMI.runs/impl_1/top_gige_hdmi.ltx} [get_hw_devices xc7a75t_0]
set_property FULL_PROBES.FILE {E:/Exercise/FPGA/v3edu/test08_Gige_RGMII/design/Gige_HDMI/Gige_HDMI.runs/impl_1/top_gige_hdmi.ltx} [get_hw_devices xc7a75t_0]
set_property PROGRAM.FILE {E:/Exercise/FPGA/v3edu/test08_Gige_RGMII/design/Gige_HDMI/Gige_HDMI.runs/impl_1/top_gige_hdmi.bit} [get_hw_devices xc7a75t_0]
program_hw_devices [get_hw_devices xc7a75t_0]
INFO: [Labtools 27-3164] End of startup status: HIGH
refresh_hw_device [lindex [get_hw_devices xc7a75t_0] 0]
INFO: [Labtools 27-2302] Device xc7a75t (JTAG device index = 0) is programmed with a design that has 1 ILA core(s).
display_hw_ila_data [ get_hw_ila_data hw_ila_data_1 -of_objects [get_hw_ilas -of_objects [get_hw_devices xc7a75t_0] -filter {CELL_NAME=~"your_instance_name"}]]
INFO: [Labtools 27-3304] ILA Waveform data saved to file E:/Exercise/FPGA/v3edu/test08_Gige_RGMII/design/Gige_HDMI/Gige_HDMI.hw/backup/hw_ila_data_1.ila. Use Tcl command 'read_hw_ila_data' or Vivado File->Import->Import ILA Data menu item to import the previously saved data.
run_hw_ila [get_hw_ilas -of_objects [get_hw_devices xc7a75t_0] -filter {CELL_NAME=~"your_instance_name"}]
INFO: [Labtools 27-1964] The ILA core 'hw_ila_1' trigger was armed at 2020-Feb-08 16:59:46
wait_on_hw_ila [get_hw_ilas -of_objects [get_hw_devices xc7a75t_0] -filter {CELL_NAME=~"your_instance_name"}]
display_hw_ila_data [upload_hw_ila_data [get_hw_ilas -of_objects [get_hw_devices xc7a75t_0] -filter {CELL_NAME=~"your_instance_name"}]]
INFO: [Labtools 27-1966] The ILA core 'hw_ila_1' triggered at 2020-Feb-08 16:59:46
INFO: [Labtools 27-3304] ILA Waveform data saved to file E:/Exercise/FPGA/v3edu/test08_Gige_RGMII/design/Gige_HDMI/Gige_HDMI.hw/backup/hw_ila_data_1.ila. Use Tcl command 'read_hw_ila_data' or Vivado File->Import->Import ILA Data menu item to import the previously saved data.
run_hw_ila [get_hw_ilas -of_objects [get_hw_devices xc7a75t_0] -filter {CELL_NAME=~"your_instance_name"}]
INFO: [Labtools 27-1964] The ILA core 'hw_ila_1' trigger was armed at 2020-Feb-08 16:59:51
wait_on_hw_ila [get_hw_ilas -of_objects [get_hw_devices xc7a75t_0] -filter {CELL_NAME=~"your_instance_name"}]
display_hw_ila_data [upload_hw_ila_data [get_hw_ilas -of_objects [get_hw_devices xc7a75t_0] -filter {CELL_NAME=~"your_instance_name"}]]
INFO: [Labtools 27-1966] The ILA core 'hw_ila_1' triggered at 2020-Feb-08 16:59:57
INFO: [Labtools 27-3304] ILA Waveform data saved to file E:/Exercise/FPGA/v3edu/test08_Gige_RGMII/design/Gige_HDMI/Gige_HDMI.hw/backup/hw_ila_data_1.ila. Use Tcl command 'read_hw_ila_data' or Vivado File->Import->Import ILA Data menu item to import the previously saved data.
run_hw_ila [get_hw_ilas -of_objects [get_hw_devices xc7a75t_0] -filter {CELL_NAME=~"your_instance_name"}]
INFO: [Labtools 27-1964] The ILA core 'hw_ila_1' trigger was armed at 2020-Feb-08 17:00:20
wait_on_hw_ila [get_hw_ilas -of_objects [get_hw_devices xc7a75t_0] -filter {CELL_NAME=~"your_instance_name"}]
display_hw_ila_data [upload_hw_ila_data [get_hw_ilas -of_objects [get_hw_devices xc7a75t_0] -filter {CELL_NAME=~"your_instance_name"}]]
INFO: [Labtools 27-1966] The ILA core 'hw_ila_1' triggered at 2020-Feb-08 17:00:45
INFO: [Labtools 27-3304] ILA Waveform data saved to file E:/Exercise/FPGA/v3edu/test08_Gige_RGMII/design/Gige_HDMI/Gige_HDMI.hw/backup/hw_ila_data_1.ila. Use Tcl command 'read_hw_ila_data' or Vivado File->Import->Import ILA Data menu item to import the previously saved data.
run_hw_ila [get_hw_ilas -of_objects [get_hw_devices xc7a75t_0] -filter {CELL_NAME=~"your_instance_name"}]
INFO: [Labtools 27-1964] The ILA core 'hw_ila_1' trigger was armed at 2020-Feb-08 17:00:52
wait_on_hw_ila -timeout 0 [get_hw_ilas -of_objects [get_hw_devices xc7a75t_0] -filter {CELL_NAME=~"your_instance_name"}]
upload_hw_ila_data [get_hw_ilas -of_objects [get_hw_devices xc7a75t_0] -filter {CELL_NAME=~"your_instance_name"}]
INFO: [Labtools 27-1965] The ILA core 'hw_ila_1' trigger was stopped by user at 2020-Feb-08 17:00:58
WARNING: [Labtools 27-157] hw_ila [hw_ila_1] stopped. No data to upload.
run_hw_ila [get_hw_ilas -of_objects [get_hw_devices xc7a75t_0] -filter {CELL_NAME=~"your_instance_name"}] -trigger_now
INFO: [Labtools 27-1964] The ILA core 'hw_ila_1' trigger was armed at 2020-Feb-08 17:00:58
wait_on_hw_ila [get_hw_ilas -of_objects [get_hw_devices xc7a75t_0] -filter {CELL_NAME=~"your_instance_name"}]
display_hw_ila_data [upload_hw_ila_data [get_hw_ilas -of_objects [get_hw_devices xc7a75t_0] -filter {CELL_NAME=~"your_instance_name"}]]
INFO: [Labtools 27-1966] The ILA core 'hw_ila_1' triggered at 2020-Feb-08 17:00:58
INFO: [Labtools 27-3304] ILA Waveform data saved to file E:/Exercise/FPGA/v3edu/test08_Gige_RGMII/design/Gige_HDMI/Gige_HDMI.hw/backup/hw_ila_data_1.ila. Use Tcl command 'read_hw_ila_data' or Vivado File->Import->Import ILA Data menu item to import the previously saved data.
run_hw_ila [get_hw_ilas -of_objects [get_hw_devices xc7a75t_0] -filter {CELL_NAME=~"your_instance_name"}]
INFO: [Labtools 27-1964] The ILA core 'hw_ila_1' trigger was armed at 2020-Feb-08 17:01:01
wait_on_hw_ila [get_hw_ilas -of_objects [get_hw_devices xc7a75t_0] -filter {CELL_NAME=~"your_instance_name"}]
display_hw_ila_data [upload_hw_ila_data [get_hw_ilas -of_objects [get_hw_devices xc7a75t_0] -filter {CELL_NAME=~"your_instance_name"}]]
INFO: [Labtools 27-1966] The ILA core 'hw_ila_1' triggered at 2020-Feb-08 17:01:16
INFO: [Labtools 27-3304] ILA Waveform data saved to file E:/Exercise/FPGA/v3edu/test08_Gige_RGMII/design/Gige_HDMI/Gige_HDMI.hw/backup/hw_ila_data_1.ila. Use Tcl command 'read_hw_ila_data' or Vivado File->Import->Import ILA Data menu item to import the previously saved data.
save_wave_config {E:/Exercise/FPGA/v3edu/test08_Gige_RGMII/design/Gige_HDMI/Gige_HDMI.hw/hw_1/wave/hw_ila_data_1/hw_ila_data_1.wcfg}
close_hw
reset_run synth_1
WARNING: [Vivado 12-1017] Problems encountered:
1. Failed to delete one or more files in run directory E:/Exercise/FPGA/v3edu/test08_Gige_RGMII/design/Gige_HDMI/Gige_HDMI.runs/synth_1

launch_runs impl_1 -to_step write_bitstream -jobs 12
[Sat Feb  8 17:02:04 2020] Launched synth_1...
Run output will be captured here: E:/Exercise/FPGA/v3edu/test08_Gige_RGMII/design/Gige_HDMI/Gige_HDMI.runs/synth_1/runme.log
[Sat Feb  8 17:02:04 2020] Launched impl_1...
Run output will be captured here: E:/Exercise/FPGA/v3edu/test08_Gige_RGMII/design/Gige_HDMI/Gige_HDMI.runs/impl_1/runme.log
open_hw
connect_hw_server
INFO: [Labtools 27-2285] Connecting to hw_server url TCP:localhost:3121
INFO: [Labtools 27-2222] Launching hw_server...
INFO: [Labtools 27-2221] Launch Output:

****** Xilinx hw_server v2018.2
  **** Build date : Jun 14 2018-20:42:52
    ** Copyright 1986-2018 Xilinx, Inc. All Rights Reserved.


open_hw_target
INFO: [Labtoolstcl 44-466] Opening hw_target localhost:3121/xilinx_tcf/Digilent/210203368853A
set_property PROGRAM.FILE {E:/Exercise/FPGA/v3edu/test08_Gige_RGMII/design/Gige_HDMI/Gige_HDMI.runs/impl_1/top_gige_hdmi.bit} [get_hw_devices xc7a75t_0]
set_property PROBES.FILE {E:/Exercise/FPGA/v3edu/test08_Gige_RGMII/design/Gige_HDMI/Gige_HDMI.runs/impl_1/top_gige_hdmi.ltx} [get_hw_devices xc7a75t_0]
set_property FULL_PROBES.FILE {E:/Exercise/FPGA/v3edu/test08_Gige_RGMII/design/Gige_HDMI/Gige_HDMI.runs/impl_1/top_gige_hdmi.ltx} [get_hw_devices xc7a75t_0]
current_hw_device [get_hw_devices xc7a75t_0]
refresh_hw_device [lindex [get_hw_devices xc7a75t_0] 0]
INFO: [Labtools 27-2302] Device xc7a75t (JTAG device index = 0) is programmed with a design that has 1 ILA core(s).
display_hw_ila_data [ get_hw_ila_data hw_ila_data_1 -of_objects [get_hw_ilas -of_objects [get_hw_devices xc7a75t_0] -filter {CELL_NAME=~"your_instance_name"}]]
INFO: [Labtools 27-3304] ILA Waveform data saved to file E:/Exercise/FPGA/v3edu/test08_Gige_RGMII/design/Gige_HDMI/Gige_HDMI.hw/backup/hw_ila_data_1.ila. Use Tcl command 'read_hw_ila_data' or Vivado File->Import->Import ILA Data menu item to import the previously saved data.
run_hw_ila [get_hw_ilas -of_objects [get_hw_devices xc7a75t_0] -filter {CELL_NAME=~"your_instance_name"}]
INFO: [Labtools 27-1964] The ILA core 'hw_ila_1' trigger was armed at 2020-Feb-08 17:08:18
save_wave_config {E:/Exercise/FPGA/v3edu/test08_Gige_RGMII/design/Gige_HDMI/Gige_HDMI.hw/hw_1/wave/hw_ila_data_1/hw_ila_data_1.wcfg}
close_hw
open_hw
connect_hw_server
INFO: [Labtools 27-2285] Connecting to hw_server url TCP:localhost:3121
open_hw_target
INFO: [Labtoolstcl 44-466] Opening hw_target localhost:3121/xilinx_tcf/Digilent/210203368853A
set_property PROGRAM.FILE {E:/Exercise/FPGA/v3edu/test08_Gige_RGMII/design/Gige_HDMI/Gige_HDMI.runs/impl_1/top_gige_hdmi.bit} [get_hw_devices xc7a75t_0]
set_property PROBES.FILE {E:/Exercise/FPGA/v3edu/test08_Gige_RGMII/design/Gige_HDMI/Gige_HDMI.runs/impl_1/top_gige_hdmi.ltx} [get_hw_devices xc7a75t_0]
set_property FULL_PROBES.FILE {E:/Exercise/FPGA/v3edu/test08_Gige_RGMII/design/Gige_HDMI/Gige_HDMI.runs/impl_1/top_gige_hdmi.ltx} [get_hw_devices xc7a75t_0]
current_hw_device [get_hw_devices xc7a75t_0]
refresh_hw_device [lindex [get_hw_devices xc7a75t_0] 0]
INFO: [Labtools 27-1435] Device xc7a75t (JTAG device index = 0) is not programmed (DONE status = 0).
set_property PROBES.FILE {E:/Exercise/FPGA/v3edu/test08_Gige_RGMII/design/Gige_HDMI/Gige_HDMI.runs/impl_1/top_gige_hdmi.ltx} [get_hw_devices xc7a75t_0]
set_property FULL_PROBES.FILE {E:/Exercise/FPGA/v3edu/test08_Gige_RGMII/design/Gige_HDMI/Gige_HDMI.runs/impl_1/top_gige_hdmi.ltx} [get_hw_devices xc7a75t_0]
set_property PROGRAM.FILE {E:/Exercise/FPGA/v3edu/test08_Gige_RGMII/design/Gige_HDMI/Gige_HDMI.runs/impl_1/top_gige_hdmi.bit} [get_hw_devices xc7a75t_0]
program_hw_devices [get_hw_devices xc7a75t_0]
INFO: [Labtools 27-3164] End of startup status: HIGH
refresh_hw_device [lindex [get_hw_devices xc7a75t_0] 0]
ERROR: [Xicom 50-38] xicom: Device:0, user chain number:1, slave index:0. Reading intermittently wrong data from core. Try slower target speed. Make sure design meets timing requirements.
ERROR: [Xicom 50-38] xicom: Device:0, user chain number:1, slave index:0, is not a valid CseXsdb Slave core.
ERROR: [Labtools 27-3176] hw_server failed during internal command.
Resolution: Check that the hw_server is running and the hardware connectivity to the target
refresh_hw_device [lindex [get_hw_devices xc7a75t_0] 0]
INFO: [Labtools 27-2302] Device xc7a75t (JTAG device index = 0) is programmed with a design that has 1 ILA core(s).
display_hw_ila_data [ get_hw_ila_data hw_ila_data_1 -of_objects [get_hw_ilas -of_objects [get_hw_devices xc7a75t_0] -filter {CELL_NAME=~"your_instance_name"}]]
INFO: [Labtools 27-3304] ILA Waveform data saved to file E:/Exercise/FPGA/v3edu/test08_Gige_RGMII/design/Gige_HDMI/Gige_HDMI.hw/backup/hw_ila_data_1.ila. Use Tcl command 'read_hw_ila_data' or Vivado File->Import->Import ILA Data menu item to import the previously saved data.
run_hw_ila [get_hw_ilas -of_objects [get_hw_devices xc7a75t_0] -filter {CELL_NAME=~"your_instance_name"}]
INFO: [Labtools 27-1964] The ILA core 'hw_ila_1' trigger was armed at 2020-Feb-08 17:09:13
wait_on_hw_ila [get_hw_ilas -of_objects [get_hw_devices xc7a75t_0] -filter {CELL_NAME=~"your_instance_name"}]
display_hw_ila_data [upload_hw_ila_data [get_hw_ilas -of_objects [get_hw_devices xc7a75t_0] -filter {CELL_NAME=~"your_instance_name"}]]
INFO: [Labtools 27-1966] The ILA core 'hw_ila_1' triggered at 2020-Feb-08 17:09:14
INFO: [Labtools 27-3304] ILA Waveform data saved to file E:/Exercise/FPGA/v3edu/test08_Gige_RGMII/design/Gige_HDMI/Gige_HDMI.hw/backup/hw_ila_data_1.ila. Use Tcl command 'read_hw_ila_data' or Vivado File->Import->Import ILA Data menu item to import the previously saved data.
run_hw_ila [get_hw_ilas -of_objects [get_hw_devices xc7a75t_0] -filter {CELL_NAME=~"your_instance_name"}]
INFO: [Labtools 27-1964] The ILA core 'hw_ila_1' trigger was armed at 2020-Feb-08 17:09:24
wait_on_hw_ila [get_hw_ilas -of_objects [get_hw_devices xc7a75t_0] -filter {CELL_NAME=~"your_instance_name"}]
display_hw_ila_data [upload_hw_ila_data [get_hw_ilas -of_objects [get_hw_devices xc7a75t_0] -filter {CELL_NAME=~"your_instance_name"}]]
INFO: [Labtools 27-1966] The ILA core 'hw_ila_1' triggered at 2020-Feb-08 17:09:30
INFO: [Labtools 27-3304] ILA Waveform data saved to file E:/Exercise/FPGA/v3edu/test08_Gige_RGMII/design/Gige_HDMI/Gige_HDMI.hw/backup/hw_ila_data_1.ila. Use Tcl command 'read_hw_ila_data' or Vivado File->Import->Import ILA Data menu item to import the previously saved data.
run_hw_ila [get_hw_ilas -of_objects [get_hw_devices xc7a75t_0] -filter {CELL_NAME=~"your_instance_name"}]
INFO: [Labtools 27-1964] The ILA core 'hw_ila_1' trigger was armed at 2020-Feb-08 17:09:37
wait_on_hw_ila -timeout 0 [get_hw_ilas -of_objects [get_hw_devices xc7a75t_0] -filter {CELL_NAME=~"your_instance_name"}]
upload_hw_ila_data [get_hw_ilas -of_objects [get_hw_devices xc7a75t_0] -filter {CELL_NAME=~"your_instance_name"}]
INFO: [Labtools 27-1965] The ILA core 'hw_ila_1' trigger was stopped by user at 2020-Feb-08 17:09:59
WARNING: [Labtools 27-157] hw_ila [hw_ila_1] stopped. No data to upload.
run_hw_ila [get_hw_ilas -of_objects [get_hw_devices xc7a75t_0] -filter {CELL_NAME=~"your_instance_name"}] -trigger_now
INFO: [Labtools 27-1964] The ILA core 'hw_ila_1' trigger was armed at 2020-Feb-08 17:09:59
wait_on_hw_ila [get_hw_ilas -of_objects [get_hw_devices xc7a75t_0] -filter {CELL_NAME=~"your_instance_name"}]
display_hw_ila_data [upload_hw_ila_data [get_hw_ilas -of_objects [get_hw_devices xc7a75t_0] -filter {CELL_NAME=~"your_instance_name"}]]
INFO: [Labtools 27-1966] The ILA core 'hw_ila_1' triggered at 2020-Feb-08 17:09:59
INFO: [Labtools 27-3304] ILA Waveform data saved to file E:/Exercise/FPGA/v3edu/test08_Gige_RGMII/design/Gige_HDMI/Gige_HDMI.hw/backup/hw_ila_data_1.ila. Use Tcl command 'read_hw_ila_data' or Vivado File->Import->Import ILA Data menu item to import the previously saved data.
run_hw_ila [get_hw_ilas -of_objects [get_hw_devices xc7a75t_0] -filter {CELL_NAME=~"your_instance_name"}]
INFO: [Labtools 27-1964] The ILA core 'hw_ila_1' trigger was armed at 2020-Feb-08 17:10:03
wait_on_hw_ila [get_hw_ilas -of_objects [get_hw_devices xc7a75t_0] -filter {CELL_NAME=~"your_instance_name"}]
display_hw_ila_data [upload_hw_ila_data [get_hw_ilas -of_objects [get_hw_devices xc7a75t_0] -filter {CELL_NAME=~"your_instance_name"}]]
INFO: [Labtools 27-1966] The ILA core 'hw_ila_1' triggered at 2020-Feb-08 17:10:06
INFO: [Labtools 27-3304] ILA Waveform data saved to file E:/Exercise/FPGA/v3edu/test08_Gige_RGMII/design/Gige_HDMI/Gige_HDMI.hw/backup/hw_ila_data_1.ila. Use Tcl command 'read_hw_ila_data' or Vivado File->Import->Import ILA Data menu item to import the previously saved data.
run_hw_ila [get_hw_ilas -of_objects [get_hw_devices xc7a75t_0] -filter {CELL_NAME=~"your_instance_name"}]
INFO: [Labtools 27-1964] The ILA core 'hw_ila_1' trigger was armed at 2020-Feb-08 17:10:27
wait_on_hw_ila [get_hw_ilas -of_objects [get_hw_devices xc7a75t_0] -filter {CELL_NAME=~"your_instance_name"}]
display_hw_ila_data [upload_hw_ila_data [get_hw_ilas -of_objects [get_hw_devices xc7a75t_0] -filter {CELL_NAME=~"your_instance_name"}]]
INFO: [Labtools 27-1966] The ILA core 'hw_ila_1' triggered at 2020-Feb-08 17:10:35
INFO: [Labtools 27-3304] ILA Waveform data saved to file E:/Exercise/FPGA/v3edu/test08_Gige_RGMII/design/Gige_HDMI/Gige_HDMI.hw/backup/hw_ila_data_1.ila. Use Tcl command 'read_hw_ila_data' or Vivado File->Import->Import ILA Data menu item to import the previously saved data.
run_hw_ila [get_hw_ilas -of_objects [get_hw_devices xc7a75t_0] -filter {CELL_NAME=~"your_instance_name"}]
INFO: [Labtools 27-1964] The ILA core 'hw_ila_1' trigger was armed at 2020-Feb-08 17:10:47
wait_on_hw_ila -timeout 0 [get_hw_ilas -of_objects [get_hw_devices xc7a75t_0] -filter {CELL_NAME=~"your_instance_name"}]
upload_hw_ila_data [get_hw_ilas -of_objects [get_hw_devices xc7a75t_0] -filter {CELL_NAME=~"your_instance_name"}]
INFO: [Labtools 27-1965] The ILA core 'hw_ila_1' trigger was stopped by user at 2020-Feb-08 17:11:20
WARNING: [Labtools 27-157] hw_ila [hw_ila_1] stopped. No data to upload.
run_hw_ila [get_hw_ilas -of_objects [get_hw_devices xc7a75t_0] -filter {CELL_NAME=~"your_instance_name"}] -trigger_now
INFO: [Labtools 27-1964] The ILA core 'hw_ila_1' trigger was armed at 2020-Feb-08 17:11:20
wait_on_hw_ila [get_hw_ilas -of_objects [get_hw_devices xc7a75t_0] -filter {CELL_NAME=~"your_instance_name"}]
display_hw_ila_data [upload_hw_ila_data [get_hw_ilas -of_objects [get_hw_devices xc7a75t_0] -filter {CELL_NAME=~"your_instance_name"}]]
INFO: [Labtools 27-1966] The ILA core 'hw_ila_1' triggered at 2020-Feb-08 17:11:20
INFO: [Labtools 27-3304] ILA Waveform data saved to file E:/Exercise/FPGA/v3edu/test08_Gige_RGMII/design/Gige_HDMI/Gige_HDMI.hw/backup/hw_ila_data_1.ila. Use Tcl command 'read_hw_ila_data' or Vivado File->Import->Import ILA Data menu item to import the previously saved data.
run_hw_ila [get_hw_ilas -of_objects [get_hw_devices xc7a75t_0] -filter {CELL_NAME=~"your_instance_name"}]
INFO: [Labtools 27-1964] The ILA core 'hw_ila_1' trigger was armed at 2020-Feb-08 17:11:22
save_wave_config {E:/Exercise/FPGA/v3edu/test08_Gige_RGMII/design/Gige_HDMI/Gige_HDMI.hw/hw_1/wave/hw_ila_data_1/hw_ila_data_1.wcfg}
close_hw
reset_run synth_1
WARNING: [Vivado 12-1017] Problems encountered:
1. Failed to delete one or more files in run directory E:/Exercise/FPGA/v3edu/test08_Gige_RGMII/design/Gige_HDMI/Gige_HDMI.runs/synth_1

launch_runs impl_1 -to_step write_bitstream -jobs 12
[Sat Feb  8 17:21:05 2020] Launched synth_1...
Run output will be captured here: E:/Exercise/FPGA/v3edu/test08_Gige_RGMII/design/Gige_HDMI/Gige_HDMI.runs/synth_1/runme.log
[Sat Feb  8 17:21:05 2020] Launched impl_1...
Run output will be captured here: E:/Exercise/FPGA/v3edu/test08_Gige_RGMII/design/Gige_HDMI/Gige_HDMI.runs/impl_1/runme.log
reset_run synth_1
WARNING: [Vivado 12-1017] Problems encountered:
1. Failed to delete one or more files in run directory E:/Exercise/FPGA/v3edu/test08_Gige_RGMII/design/Gige_HDMI/Gige_HDMI.runs/synth_1

launch_runs impl_1 -to_step write_bitstream -jobs 12
[Sat Feb  8 17:24:36 2020] Launched synth_1...
Run output will be captured here: E:/Exercise/FPGA/v3edu/test08_Gige_RGMII/design/Gige_HDMI/Gige_HDMI.runs/synth_1/runme.log
[Sat Feb  8 17:24:36 2020] Launched impl_1...
Run output will be captured here: E:/Exercise/FPGA/v3edu/test08_Gige_RGMII/design/Gige_HDMI/Gige_HDMI.runs/impl_1/runme.log
open_hw
connect_hw_server
INFO: [Labtools 27-2285] Connecting to hw_server url TCP:localhost:3121
INFO: [Labtools 27-2222] Launching hw_server...
INFO: [Labtools 27-2221] Launch Output:

****** Xilinx hw_server v2018.2
  **** Build date : Jun 14 2018-20:42:52
    ** Copyright 1986-2018 Xilinx, Inc. All Rights Reserved.


open_hw_target
INFO: [Labtoolstcl 44-466] Opening hw_target localhost:3121/xilinx_tcf/Digilent/210203368853A
set_property PROGRAM.FILE {E:/Exercise/FPGA/v3edu/test08_Gige_RGMII/design/Gige_HDMI/Gige_HDMI.runs/impl_1/top_gige_hdmi.bit} [get_hw_devices xc7a75t_0]
set_property PROBES.FILE {E:/Exercise/FPGA/v3edu/test08_Gige_RGMII/design/Gige_HDMI/Gige_HDMI.runs/impl_1/top_gige_hdmi.ltx} [get_hw_devices xc7a75t_0]
set_property FULL_PROBES.FILE {E:/Exercise/FPGA/v3edu/test08_Gige_RGMII/design/Gige_HDMI/Gige_HDMI.runs/impl_1/top_gige_hdmi.ltx} [get_hw_devices xc7a75t_0]
current_hw_device [get_hw_devices xc7a75t_0]
refresh_hw_device [lindex [get_hw_devices xc7a75t_0] 0]
INFO: [Labtools 27-1435] Device xc7a75t (JTAG device index = 0) is not programmed (DONE status = 0).
set_property PROBES.FILE {E:/Exercise/FPGA/v3edu/test08_Gige_RGMII/design/Gige_HDMI/Gige_HDMI.runs/impl_1/top_gige_hdmi.ltx} [get_hw_devices xc7a75t_0]
set_property FULL_PROBES.FILE {E:/Exercise/FPGA/v3edu/test08_Gige_RGMII/design/Gige_HDMI/Gige_HDMI.runs/impl_1/top_gige_hdmi.ltx} [get_hw_devices xc7a75t_0]
set_property PROGRAM.FILE {E:/Exercise/FPGA/v3edu/test08_Gige_RGMII/design/Gige_HDMI/Gige_HDMI.runs/impl_1/top_gige_hdmi.bit} [get_hw_devices xc7a75t_0]
program_hw_devices [get_hw_devices xc7a75t_0]
INFO: [Labtools 27-3164] End of startup status: HIGH
refresh_hw_device [lindex [get_hw_devices xc7a75t_0] 0]
ERROR: [Xicom 50-38] xicom: Device:0, user chain number:1, slave index:0. Reading intermittently wrong data from core. Try slower target speed. Make sure design meets timing requirements.
ERROR: [Xicom 50-38] xicom: Device:0, user chain number:1, slave index:0, is not a valid CseXsdb Slave core.
ERROR: [Labtools 27-3176] hw_server failed during internal command.
Resolution: Check that the hw_server is running and the hardware connectivity to the target
refresh_hw_device [lindex [get_hw_devices xc7a75t_0] 0]
INFO: [Labtools 27-2302] Device xc7a75t (JTAG device index = 0) is programmed with a design that has 1 ILA core(s).
display_hw_ila_data [ get_hw_ila_data hw_ila_data_1 -of_objects [get_hw_ilas -of_objects [get_hw_devices xc7a75t_0] -filter {CELL_NAME=~"your_instance_name"}]]
INFO: [Labtools 27-3304] ILA Waveform data saved to file E:/Exercise/FPGA/v3edu/test08_Gige_RGMII/design/Gige_HDMI/Gige_HDMI.hw/backup/hw_ila_data_1.ila. Use Tcl command 'read_hw_ila_data' or Vivado File->Import->Import ILA Data menu item to import the previously saved data.
run_hw_ila [get_hw_ilas -of_objects [get_hw_devices xc7a75t_0] -filter {CELL_NAME=~"your_instance_name"}]
INFO: [Labtools 27-1964] The ILA core 'hw_ila_1' trigger was armed at 2020-Feb-08 17:29:15
wait_on_hw_ila [get_hw_ilas -of_objects [get_hw_devices xc7a75t_0] -filter {CELL_NAME=~"your_instance_name"}]
display_hw_ila_data [upload_hw_ila_data [get_hw_ilas -of_objects [get_hw_devices xc7a75t_0] -filter {CELL_NAME=~"your_instance_name"}]]
INFO: [Labtools 27-1966] The ILA core 'hw_ila_1' triggered at 2020-Feb-08 17:29:15
INFO: [Labtools 27-3304] ILA Waveform data saved to file E:/Exercise/FPGA/v3edu/test08_Gige_RGMII/design/Gige_HDMI/Gige_HDMI.hw/backup/hw_ila_data_1.ila. Use Tcl command 'read_hw_ila_data' or Vivado File->Import->Import ILA Data menu item to import the previously saved data.
run_hw_ila [get_hw_ilas -of_objects [get_hw_devices xc7a75t_0] -filter {CELL_NAME=~"your_instance_name"}]
INFO: [Labtools 27-1964] The ILA core 'hw_ila_1' trigger was armed at 2020-Feb-08 17:29:22
wait_on_hw_ila [get_hw_ilas -of_objects [get_hw_devices xc7a75t_0] -filter {CELL_NAME=~"your_instance_name"}]
display_hw_ila_data [upload_hw_ila_data [get_hw_ilas -of_objects [get_hw_devices xc7a75t_0] -filter {CELL_NAME=~"your_instance_name"}]]
INFO: [Labtools 27-1966] The ILA core 'hw_ila_1' triggered at 2020-Feb-08 17:29:25
INFO: [Labtools 27-3304] ILA Waveform data saved to file E:/Exercise/FPGA/v3edu/test08_Gige_RGMII/design/Gige_HDMI/Gige_HDMI.hw/backup/hw_ila_data_1.ila. Use Tcl command 'read_hw_ila_data' or Vivado File->Import->Import ILA Data menu item to import the previously saved data.
run_hw_ila [get_hw_ilas -of_objects [get_hw_devices xc7a75t_0] -filter {CELL_NAME=~"your_instance_name"}]
INFO: [Labtools 27-1964] The ILA core 'hw_ila_1' trigger was armed at 2020-Feb-08 17:29:32
wait_on_hw_ila [get_hw_ilas -of_objects [get_hw_devices xc7a75t_0] -filter {CELL_NAME=~"your_instance_name"}]
display_hw_ila_data [upload_hw_ila_data [get_hw_ilas -of_objects [get_hw_devices xc7a75t_0] -filter {CELL_NAME=~"your_instance_name"}]]
INFO: [Labtools 27-1966] The ILA core 'hw_ila_1' triggered at 2020-Feb-08 17:29:41
INFO: [Labtools 27-3304] ILA Waveform data saved to file E:/Exercise/FPGA/v3edu/test08_Gige_RGMII/design/Gige_HDMI/Gige_HDMI.hw/backup/hw_ila_data_1.ila. Use Tcl command 'read_hw_ila_data' or Vivado File->Import->Import ILA Data menu item to import the previously saved data.
save_wave_config {E:/Exercise/FPGA/v3edu/test08_Gige_RGMII/design/Gige_HDMI/Gige_HDMI.hw/hw_1/wave/hw_ila_data_1/hw_ila_data_1.wcfg}
exit
INFO: [Common 17-206] Exiting Vivado at Sat Feb  8 17:29:50 2020...
