#-----------------------------------------------------------
# Vivado v2018.2 (64-bit)
# SW Build 2258646 on Thu Jun 14 20:03:12 MDT 2018
# IP Build 2256618 on Thu Jun 14 22:10:49 MDT 2018
# Start of session at: Thu Feb  6 16:42:35 2020
# Process ID: 9944
# Current directory: E:/Exercise/FPGA/v3edu/08_uart_ddr_hdmi/vivado
# Command line: vivado.exe -gui_launcher_event rodinguilauncherevent8612 E:\Exercise\FPGA\v3edu\08_uart_ddr_hdmi\vivado\ddr3_hdmi.xpr
# Log file: E:/Exercise/FPGA/v3edu/08_uart_ddr_hdmi/vivado/vivado.log
# Journal file: E:/Exercise/FPGA/v3edu/08_uart_ddr_hdmi/vivado\vivado.jou
#-----------------------------------------------------------
start_gui
open_project E:/Exercise/FPGA/v3edu/08_uart_ddr_hdmi/vivado/ddr3_hdmi.xpr
INFO: [Project 1-313] Project file moved from 'E:/Exercise/FPGA/v3edu/07_ddr_hdmi/vivado' since last save.
Scanning sources...
Finished scanning sources
INFO: [IP_Flow 19-234] Refreshing IP repositories
INFO: [IP_Flow 19-1704] No user IP repositories specified
INFO: [IP_Flow 19-2313] Loaded Vivado IP repository 'D:/ProgramData/Xilinx/Vivado/2018.2/data/ip'.
open_project: Time (s): cpu = 00:00:17 ; elapsed = 00:00:12 . Memory (MB): peak = 971.504 ; gain = 209.492
update_compile_order -fileset sources_1
create_ip -name fifo_generator -vendor xilinx.com -library ip -version 13.2 -module_name afifo_wr16x1024_rd128x128 -dir e:/Exercise/FPGA/v3edu/08_uart_ddr_hdmi/vivado/ddr3_hdmi.srcs/sources_1/ip
set_property -dict [list CONFIG.Component_Name {afifo_wr16x1024_rd128x128} CONFIG.Fifo_Implementation {Common_Clock_Block_RAM} CONFIG.Performance_Options {First_Word_Fall_Through} CONFIG.Input_Data_Width {16} CONFIG.Output_Data_Width {128} CONFIG.Output_Depth {128} CONFIG.Reset_Pin {false} CONFIG.Reset_Type {Asynchronous_Reset} CONFIG.Full_Flags_Reset_Value {0} CONFIG.Use_Dout_Reset {false} CONFIG.Use_Extra_Logic {true} CONFIG.Data_Count_Width {11} CONFIG.Write_Data_Count_Width {11} CONFIG.Read_Data_Count {true} CONFIG.Read_Data_Count_Width {8} CONFIG.Full_Threshold_Assert_Value {1023} CONFIG.Full_Threshold_Negate_Value {1022} CONFIG.Empty_Threshold_Assert_Value {4} CONFIG.Empty_Threshold_Negate_Value {5} CONFIG.Enable_Safety_Circuit {false}] [get_ips afifo_wr16x1024_rd128x128]
WARNING: [Vivado 12-3523] Attempt to change 'Component_Name' from 'afifo_wr16x1024_rd128x128' to 'afifo_wr16x1024_rd128x128' is not allowed and is ignored.
generate_target {instantiation_template} [get_files e:/Exercise/FPGA/v3edu/08_uart_ddr_hdmi/vivado/ddr3_hdmi.srcs/sources_1/ip/afifo_wr16x1024_rd128x128/afifo_wr16x1024_rd128x128.xci]
INFO: [IP_Flow 19-1686] Generating 'Instantiation Template' target for IP 'afifo_wr16x1024_rd128x128'...
set_property generate_synth_checkpoint false [get_files  e:/Exercise/FPGA/v3edu/08_uart_ddr_hdmi/vivado/ddr3_hdmi.srcs/sources_1/ip/afifo_wr16x1024_rd128x128/afifo_wr16x1024_rd128x128.xci]
generate_target all [get_files  e:/Exercise/FPGA/v3edu/08_uart_ddr_hdmi/vivado/ddr3_hdmi.srcs/sources_1/ip/afifo_wr16x1024_rd128x128/afifo_wr16x1024_rd128x128.xci]
INFO: [IP_Flow 19-1686] Generating 'Instantiation Template' target for IP 'afifo_wr16x1024_rd128x128'...
INFO: [IP_Flow 19-1686] Generating 'Synthesis' target for IP 'afifo_wr16x1024_rd128x128'...
INFO: [IP_Flow 19-1686] Generating 'Simulation' target for IP 'afifo_wr16x1024_rd128x128'...
INFO: [IP_Flow 19-1686] Generating 'Change Log' target for IP 'afifo_wr16x1024_rd128x128'...
export_ip_user_files -of_objects [get_files e:/Exercise/FPGA/v3edu/08_uart_ddr_hdmi/vivado/ddr3_hdmi.srcs/sources_1/ip/afifo_wr16x1024_rd128x128/afifo_wr16x1024_rd128x128.xci] -no_script -sync -force -quiet
export_simulation -of_objects [get_files e:/Exercise/FPGA/v3edu/08_uart_ddr_hdmi/vivado/ddr3_hdmi.srcs/sources_1/ip/afifo_wr16x1024_rd128x128/afifo_wr16x1024_rd128x128.xci] -directory E:/Exercise/FPGA/v3edu/08_uart_ddr_hdmi/vivado/ddr3_hdmi.ip_user_files/sim_scripts -ip_user_files_dir E:/Exercise/FPGA/v3edu/08_uart_ddr_hdmi/vivado/ddr3_hdmi.ip_user_files -ipstatic_source_dir E:/Exercise/FPGA/v3edu/08_uart_ddr_hdmi/vivado/ddr3_hdmi.ip_user_files/ipstatic -lib_map_path [list {modelsim=D:/ProgramData/Xilinx/XLib10.7} {questa=E:/Exercise/FPGA/v3edu/08_uart_ddr_hdmi/vivado/ddr3_hdmi.cache/compile_simlib/questa} {riviera=E:/Exercise/FPGA/v3edu/08_uart_ddr_hdmi/vivado/ddr3_hdmi.cache/compile_simlib/riviera} {activehdl=E:/Exercise/FPGA/v3edu/08_uart_ddr_hdmi/vivado/ddr3_hdmi.cache/compile_simlib/activehdl}] -use_ip_compiled_libs -force -quiet
update_compile_order -fileset sources_1
add_files -norecurse {E:/Exercise/FPGA/v3edu/08_uart_ddr_hdmi/vivado/ddr3_hdmi.srcs/sources_1/new/uart_rx.v E:/Exercise/FPGA/v3edu/08_uart_ddr_hdmi/vivado/ddr3_hdmi.srcs/sources_1/new/bit8to128.v}
update_compile_order -fileset sources_1
update_compile_order -fileset sources_1
reset_run synth_1
launch_runs impl_1 -to_step write_bitstream -jobs 12
[Thu Feb  6 17:14:23 2020] Launched synth_1...
Run output will be captured here: E:/Exercise/FPGA/v3edu/08_uart_ddr_hdmi/vivado/ddr3_hdmi.runs/synth_1/runme.log
[Thu Feb  6 17:14:23 2020] Launched impl_1...
Run output will be captured here: E:/Exercise/FPGA/v3edu/08_uart_ddr_hdmi/vivado/ddr3_hdmi.runs/impl_1/runme.log
open_hw
connect_hw_server
INFO: [Labtools 27-2285] Connecting to hw_server url TCP:localhost:3121
INFO: [Labtools 27-2222] Launching hw_server...
INFO: [Labtools 27-2221] Launch Output:

****** Xilinx hw_server v2018.2
  **** Build date : Jun 14 2018-20:42:52
    ** Copyright 1986-2018 Xilinx, Inc. All Rights Reserved.


open_hw_target
INFO: [Labtoolstcl 44-466] Opening hw_target localhost:3121/xilinx_tcf/Digilent/210203368853A
set_property PROGRAM.FILE {E:/Exercise/FPGA/v3edu/08_uart_ddr_hdmi/vivado/ddr3_hdmi.runs/impl_1/top_ddr3_hdmi.bit} [get_hw_devices xc7a75t_0]
set_property PROBES.FILE {E:/Exercise/FPGA/v3edu/08_uart_ddr_hdmi/vivado/ddr3_hdmi.runs/impl_1/top_ddr3_hdmi.ltx} [get_hw_devices xc7a75t_0]
set_property FULL_PROBES.FILE {E:/Exercise/FPGA/v3edu/08_uart_ddr_hdmi/vivado/ddr3_hdmi.runs/impl_1/top_ddr3_hdmi.ltx} [get_hw_devices xc7a75t_0]
current_hw_device [get_hw_devices xc7a75t_0]
refresh_hw_device [lindex [get_hw_devices xc7a75t_0] 0]
INFO: [Labtools 27-1435] Device xc7a75t (JTAG device index = 0) is not programmed (DONE status = 0).
set_property PROBES.FILE {E:/Exercise/FPGA/v3edu/08_uart_ddr_hdmi/vivado/ddr3_hdmi.runs/impl_1/top_ddr3_hdmi.ltx} [get_hw_devices xc7a75t_0]
set_property FULL_PROBES.FILE {E:/Exercise/FPGA/v3edu/08_uart_ddr_hdmi/vivado/ddr3_hdmi.runs/impl_1/top_ddr3_hdmi.ltx} [get_hw_devices xc7a75t_0]
set_property PROGRAM.FILE {E:/Exercise/FPGA/v3edu/08_uart_ddr_hdmi/vivado/ddr3_hdmi.runs/impl_1/top_ddr3_hdmi.bit} [get_hw_devices xc7a75t_0]
program_hw_devices [get_hw_devices xc7a75t_0]
INFO: [Labtools 27-3164] End of startup status: HIGH
refresh_hw_device [lindex [get_hw_devices xc7a75t_0] 0]
INFO: [Labtools 27-2302] Device xc7a75t (JTAG device index = 0) is programmed with a design that has 1 ILA core(s).
display_hw_ila_data [ get_hw_ila_data hw_ila_data_1 -of_objects [get_hw_ilas -of_objects [get_hw_devices xc7a75t_0] -filter {CELL_NAME=~"inst_ila_top"}]]
WARNING: Simulation object app_rd_data_valid was not found in the design.
WARNING: Simulation object p1_cmd_empty was not found in the design.
WARNING: Simulation object p1_cmd_en was not found in the design.
WARNING: Simulation object p1_rd_data_count was not found in the design.
WARNING: Simulation object p1_rd_data_empty was not found in the design.
WARNING: Simulation object p1_rd_data_empty_1 was not found in the design.
WARNING: Simulation object p1_rd_en was not found in the design.
WARNING: Simulation object rd_cmd_start was not found in the design.
WARNING: Simulation object rd_req was not found in the design.
INFO: [Labtools 27-3304] ILA Waveform data saved to file E:/Exercise/FPGA/v3edu/08_uart_ddr_hdmi/vivado/ddr3_hdmi.hw/backup/hw_ila_data_1.ila. Use Tcl command 'read_hw_ila_data' or Vivado File->Import->Import ILA Data menu item to import the previously saved data.
add_wave -into {hw_ila_data_1.wcfg} -radix hex { {rx_data} {rx_flag} {rx_IBUF} {wr_en} }
set_property TRIGGER_COMPARE_VALUE eq1'bR [get_hw_probes rx_flag -of_objects [get_hw_ilas -of_objects [get_hw_devices xc7a75t_0] -filter {CELL_NAME=~"inst_ila_top"}]]
run_hw_ila [get_hw_ilas -of_objects [get_hw_devices xc7a75t_0] -filter {CELL_NAME=~"inst_ila_top"}]
INFO: [Labtools 27-1964] The ILA core 'hw_ila_1' trigger was armed at 2020-Feb-06 17:58:25
wait_on_hw_ila -timeout 0 [get_hw_ilas -of_objects [get_hw_devices xc7a75t_0] -filter {CELL_NAME=~"inst_ila_top"}]
upload_hw_ila_data [get_hw_ilas -of_objects [get_hw_devices xc7a75t_0] -filter {CELL_NAME=~"inst_ila_top"}]
INFO: [Labtools 27-1965] The ILA core 'hw_ila_1' trigger was stopped by user at 2020-Feb-06 17:58:27
WARNING: [Labtools 27-157] hw_ila [hw_ila_1] stopped. No data to upload.
run_hw_ila [get_hw_ilas -of_objects [get_hw_devices xc7a75t_0] -filter {CELL_NAME=~"inst_ila_top"}] -trigger_now
INFO: [Labtools 27-1964] The ILA core 'hw_ila_1' trigger was armed at 2020-Feb-06 17:58:27
wait_on_hw_ila [get_hw_ilas -of_objects [get_hw_devices xc7a75t_0] -filter {CELL_NAME=~"inst_ila_top"}]
display_hw_ila_data [upload_hw_ila_data [get_hw_ilas -of_objects [get_hw_devices xc7a75t_0] -filter {CELL_NAME=~"inst_ila_top"}]]
INFO: [Labtools 27-1966] The ILA core 'hw_ila_1' triggered at 2020-Feb-06 17:58:27
INFO: [Labtools 27-3304] ILA Waveform data saved to file E:/Exercise/FPGA/v3edu/08_uart_ddr_hdmi/vivado/ddr3_hdmi.hw/backup/hw_ila_data_1.ila. Use Tcl command 'read_hw_ila_data' or Vivado File->Import->Import ILA Data menu item to import the previously saved data.
run_hw_ila [get_hw_ilas -of_objects [get_hw_devices xc7a75t_0] -filter {CELL_NAME=~"inst_ila_top"}]
INFO: [Labtools 27-1964] The ILA core 'hw_ila_1' trigger was armed at 2020-Feb-06 17:58:30
save_wave_config {E:/Exercise/FPGA/v3edu/08_uart_ddr_hdmi/vivado/ddr3_hdmi.hw/hw_1/wave/hw_ila_data_1/hw_ila_data_1.wcfg}
close_hw
reset_run synth_1
launch_runs impl_1 -to_step write_bitstream -jobs 12
[Thu Feb  6 18:01:24 2020] Launched synth_1...
Run output will be captured here: E:/Exercise/FPGA/v3edu/08_uart_ddr_hdmi/vivado/ddr3_hdmi.runs/synth_1/runme.log
[Thu Feb  6 18:01:24 2020] Launched impl_1...
Run output will be captured here: E:/Exercise/FPGA/v3edu/08_uart_ddr_hdmi/vivado/ddr3_hdmi.runs/impl_1/runme.log
open_hw
connect_hw_server
INFO: [Labtools 27-2285] Connecting to hw_server url TCP:localhost:3121
INFO: [Labtools 27-2222] Launching hw_server...
INFO: [Labtools 27-2221] Launch Output:

****** Xilinx hw_server v2018.2
  **** Build date : Jun 14 2018-20:42:52
    ** Copyright 1986-2018 Xilinx, Inc. All Rights Reserved.


open_hw_target
INFO: [Labtoolstcl 44-466] Opening hw_target localhost:3121/xilinx_tcf/Digilent/210203368853A
set_property PROGRAM.FILE {E:/Exercise/FPGA/v3edu/08_uart_ddr_hdmi/vivado/ddr3_hdmi.runs/impl_1/top_ddr3_hdmi.bit} [get_hw_devices xc7a75t_0]
set_property PROBES.FILE {E:/Exercise/FPGA/v3edu/08_uart_ddr_hdmi/vivado/ddr3_hdmi.runs/impl_1/top_ddr3_hdmi.ltx} [get_hw_devices xc7a75t_0]
set_property FULL_PROBES.FILE {E:/Exercise/FPGA/v3edu/08_uart_ddr_hdmi/vivado/ddr3_hdmi.runs/impl_1/top_ddr3_hdmi.ltx} [get_hw_devices xc7a75t_0]
current_hw_device [get_hw_devices xc7a75t_0]
refresh_hw_device [lindex [get_hw_devices xc7a75t_0] 0]
INFO: [Labtools 27-2302] Device xc7a75t (JTAG device index = 0) is programmed with a design that has 1 ILA core(s).
display_hw_ila_data [ get_hw_ila_data hw_ila_data_1 -of_objects [get_hw_ilas -of_objects [get_hw_devices xc7a75t_0] -filter {CELL_NAME=~"inst_ila_top"}]]
INFO: [Labtools 27-3304] ILA Waveform data saved to file E:/Exercise/FPGA/v3edu/08_uart_ddr_hdmi/vivado/ddr3_hdmi.hw/backup/hw_ila_data_1.ila. Use Tcl command 'read_hw_ila_data' or Vivado File->Import->Import ILA Data menu item to import the previously saved data.
wait_on_hw_ila -timeout 0 [get_hw_ilas -of_objects [get_hw_devices xc7a75t_0] -filter {CELL_NAME=~"inst_ila_top"}]
upload_hw_ila_data [get_hw_ilas -of_objects [get_hw_devices xc7a75t_0] -filter {CELL_NAME=~"inst_ila_top"}]
INFO: [Labtools 27-1965] The ILA core 'hw_ila_1' trigger was stopped by user at 2020-Feb-06 18:14:33
WARNING: [Labtools 27-157] hw_ila [hw_ila_1] stopped. No data to upload.
run_hw_ila [get_hw_ilas -of_objects [get_hw_devices xc7a75t_0] -filter {CELL_NAME=~"inst_ila_top"}] -trigger_now
INFO: [Labtools 27-1964] The ILA core 'hw_ila_1' trigger was armed at 2020-Feb-06 18:14:33
wait_on_hw_ila [get_hw_ilas -of_objects [get_hw_devices xc7a75t_0] -filter {CELL_NAME=~"inst_ila_top"}]
display_hw_ila_data [upload_hw_ila_data [get_hw_ilas -of_objects [get_hw_devices xc7a75t_0] -filter {CELL_NAME=~"inst_ila_top"}]]
INFO: [Labtools 27-1966] The ILA core 'hw_ila_1' triggered at 2020-Feb-06 18:14:33
INFO: [Labtools 27-3304] ILA Waveform data saved to file E:/Exercise/FPGA/v3edu/08_uart_ddr_hdmi/vivado/ddr3_hdmi.hw/backup/hw_ila_data_1.ila. Use Tcl command 'read_hw_ila_data' or Vivado File->Import->Import ILA Data menu item to import the previously saved data.
run_hw_ila [get_hw_ilas -of_objects [get_hw_devices xc7a75t_0] -filter {CELL_NAME=~"inst_ila_top"}]
INFO: [Labtools 27-1964] The ILA core 'hw_ila_1' trigger was armed at 2020-Feb-06 18:14:36
wait_on_hw_ila -timeout 0 [get_hw_ilas -of_objects [get_hw_devices xc7a75t_0] -filter {CELL_NAME=~"inst_ila_top"}]
upload_hw_ila_data [get_hw_ilas -of_objects [get_hw_devices xc7a75t_0] -filter {CELL_NAME=~"inst_ila_top"}]
INFO: [Labtools 27-1965] The ILA core 'hw_ila_1' trigger was stopped by user at 2020-Feb-06 18:15:01
WARNING: [Labtools 27-157] hw_ila [hw_ila_1] stopped. No data to upload.
save_wave_config {E:/Exercise/FPGA/v3edu/08_uart_ddr_hdmi/vivado/ddr3_hdmi.hw/hw_1/wave/hw_ila_data_1/hw_ila_data_1.wcfg}
close_hw
reset_run synth_1
launch_runs impl_1 -to_step write_bitstream -jobs 12
[Thu Feb  6 18:17:22 2020] Launched synth_1...
Run output will be captured here: E:/Exercise/FPGA/v3edu/08_uart_ddr_hdmi/vivado/ddr3_hdmi.runs/synth_1/runme.log
[Thu Feb  6 18:17:22 2020] Launched impl_1...
Run output will be captured here: E:/Exercise/FPGA/v3edu/08_uart_ddr_hdmi/vivado/ddr3_hdmi.runs/impl_1/runme.log
open_hw
connect_hw_server
INFO: [Labtools 27-2285] Connecting to hw_server url TCP:localhost:3121
INFO: [Labtools 27-2222] Launching hw_server...
INFO: [Labtools 27-2221] Launch Output:

****** Xilinx hw_server v2018.2
  **** Build date : Jun 14 2018-20:42:52
    ** Copyright 1986-2018 Xilinx, Inc. All Rights Reserved.


open_hw_target
INFO: [Labtoolstcl 44-466] Opening hw_target localhost:3121/xilinx_tcf/Digilent/210203368853A
set_property PROGRAM.FILE {E:/Exercise/FPGA/v3edu/08_uart_ddr_hdmi/vivado/ddr3_hdmi.runs/impl_1/top_ddr3_hdmi.bit} [get_hw_devices xc7a75t_0]
set_property PROBES.FILE {E:/Exercise/FPGA/v3edu/08_uart_ddr_hdmi/vivado/ddr3_hdmi.runs/impl_1/top_ddr3_hdmi.ltx} [get_hw_devices xc7a75t_0]
set_property FULL_PROBES.FILE {E:/Exercise/FPGA/v3edu/08_uart_ddr_hdmi/vivado/ddr3_hdmi.runs/impl_1/top_ddr3_hdmi.ltx} [get_hw_devices xc7a75t_0]
current_hw_device [get_hw_devices xc7a75t_0]
refresh_hw_device [lindex [get_hw_devices xc7a75t_0] 0]
INFO: [Labtools 27-2302] Device xc7a75t (JTAG device index = 0) is programmed with a design that has 1 ILA core(s).
display_hw_ila_data [ get_hw_ila_data hw_ila_data_1 -of_objects [get_hw_ilas -of_objects [get_hw_devices xc7a75t_0] -filter {CELL_NAME=~"inst_ila_top"}]]
INFO: [Labtools 27-3304] ILA Waveform data saved to file E:/Exercise/FPGA/v3edu/08_uart_ddr_hdmi/vivado/ddr3_hdmi.hw/backup/hw_ila_data_1.ila. Use Tcl command 'read_hw_ila_data' or Vivado File->Import->Import ILA Data menu item to import the previously saved data.
run_hw_ila [get_hw_ilas -of_objects [get_hw_devices xc7a75t_0] -filter {CELL_NAME=~"inst_ila_top"}] -trigger_now
INFO: [Labtools 27-1964] The ILA core 'hw_ila_1' trigger was armed at 2020-Feb-06 18:38:42
wait_on_hw_ila [get_hw_ilas -of_objects [get_hw_devices xc7a75t_0] -filter {CELL_NAME=~"inst_ila_top"}]
display_hw_ila_data [upload_hw_ila_data [get_hw_ilas -of_objects [get_hw_devices xc7a75t_0] -filter {CELL_NAME=~"inst_ila_top"}]]
INFO: [Labtools 27-1966] The ILA core 'hw_ila_1' triggered at 2020-Feb-06 18:38:42
INFO: [Labtools 27-3304] ILA Waveform data saved to file E:/Exercise/FPGA/v3edu/08_uart_ddr_hdmi/vivado/ddr3_hdmi.hw/backup/hw_ila_data_1.ila. Use Tcl command 'read_hw_ila_data' or Vivado File->Import->Import ILA Data menu item to import the previously saved data.
run_hw_ila [get_hw_ilas -of_objects [get_hw_devices xc7a75t_0] -filter {CELL_NAME=~"inst_ila_top"}]
INFO: [Labtools 27-1964] The ILA core 'hw_ila_1' trigger was armed at 2020-Feb-06 18:38:44
wait_on_hw_ila -timeout 0 [get_hw_ilas -of_objects [get_hw_devices xc7a75t_0] -filter {CELL_NAME=~"inst_ila_top"}]
upload_hw_ila_data [get_hw_ilas -of_objects [get_hw_devices xc7a75t_0] -filter {CELL_NAME=~"inst_ila_top"}]
INFO: [Labtools 27-1965] The ILA core 'hw_ila_1' trigger was stopped by user at 2020-Feb-06 18:39:02
WARNING: [Labtools 27-157] hw_ila [hw_ila_1] stopped. No data to upload.
run_hw_ila [get_hw_ilas -of_objects [get_hw_devices xc7a75t_0] -filter {CELL_NAME=~"inst_ila_top"}] -trigger_now
INFO: [Labtools 27-1964] The ILA core 'hw_ila_1' trigger was armed at 2020-Feb-06 18:39:02
wait_on_hw_ila [get_hw_ilas -of_objects [get_hw_devices xc7a75t_0] -filter {CELL_NAME=~"inst_ila_top"}]
display_hw_ila_data [upload_hw_ila_data [get_hw_ilas -of_objects [get_hw_devices xc7a75t_0] -filter {CELL_NAME=~"inst_ila_top"}]]
INFO: [Labtools 27-1966] The ILA core 'hw_ila_1' triggered at 2020-Feb-06 18:39:02
INFO: [Labtools 27-3304] ILA Waveform data saved to file E:/Exercise/FPGA/v3edu/08_uart_ddr_hdmi/vivado/ddr3_hdmi.hw/backup/hw_ila_data_1.ila. Use Tcl command 'read_hw_ila_data' or Vivado File->Import->Import ILA Data menu item to import the previously saved data.
run_hw_ila [get_hw_ilas -of_objects [get_hw_devices xc7a75t_0] -filter {CELL_NAME=~"inst_ila_top"}]
INFO: [Labtools 27-1964] The ILA core 'hw_ila_1' trigger was armed at 2020-Feb-06 18:39:05
save_wave_config {E:/Exercise/FPGA/v3edu/08_uart_ddr_hdmi/vivado/ddr3_hdmi.hw/hw_1/wave/hw_ila_data_1/hw_ila_data_1.wcfg}
close_hw
open_hw
connect_hw_server
INFO: [Labtools 27-2285] Connecting to hw_server url TCP:localhost:3121
open_hw_target
INFO: [Labtoolstcl 44-466] Opening hw_target localhost:3121/xilinx_tcf/Digilent/210203368853A
set_property PROGRAM.FILE {E:/Exercise/FPGA/v3edu/08_uart_ddr_hdmi/vivado/ddr3_hdmi.runs/impl_1/top_ddr3_hdmi.bit} [get_hw_devices xc7a75t_0]
set_property PROBES.FILE {E:/Exercise/FPGA/v3edu/08_uart_ddr_hdmi/vivado/ddr3_hdmi.runs/impl_1/top_ddr3_hdmi.ltx} [get_hw_devices xc7a75t_0]
set_property FULL_PROBES.FILE {E:/Exercise/FPGA/v3edu/08_uart_ddr_hdmi/vivado/ddr3_hdmi.runs/impl_1/top_ddr3_hdmi.ltx} [get_hw_devices xc7a75t_0]
current_hw_device [get_hw_devices xc7a75t_0]
refresh_hw_device [lindex [get_hw_devices xc7a75t_0] 0]
INFO: [Labtools 27-1435] Device xc7a75t (JTAG device index = 0) is not programmed (DONE status = 0).
set_property PROBES.FILE {E:/Exercise/FPGA/v3edu/08_uart_ddr_hdmi/vivado/ddr3_hdmi.runs/impl_1/top_ddr3_hdmi.ltx} [get_hw_devices xc7a75t_0]
set_property FULL_PROBES.FILE {E:/Exercise/FPGA/v3edu/08_uart_ddr_hdmi/vivado/ddr3_hdmi.runs/impl_1/top_ddr3_hdmi.ltx} [get_hw_devices xc7a75t_0]
set_property PROGRAM.FILE {E:/Exercise/FPGA/v3edu/08_uart_ddr_hdmi/vivado/ddr3_hdmi.runs/impl_1/top_ddr3_hdmi.bit} [get_hw_devices xc7a75t_0]
program_hw_devices [get_hw_devices xc7a75t_0]
INFO: [Labtools 27-3164] End of startup status: HIGH
refresh_hw_device [lindex [get_hw_devices xc7a75t_0] 0]
INFO: [Labtools 27-2302] Device xc7a75t (JTAG device index = 0) is programmed with a design that has 1 ILA core(s).
display_hw_ila_data [ get_hw_ila_data hw_ila_data_1 -of_objects [get_hw_ilas -of_objects [get_hw_devices xc7a75t_0] -filter {CELL_NAME=~"inst_ila_top"}]]
INFO: [Labtools 27-3304] ILA Waveform data saved to file E:/Exercise/FPGA/v3edu/08_uart_ddr_hdmi/vivado/ddr3_hdmi.hw/backup/hw_ila_data_1.ila. Use Tcl command 'read_hw_ila_data' or Vivado File->Import->Import ILA Data menu item to import the previously saved data.
run_hw_ila [get_hw_ilas -of_objects [get_hw_devices xc7a75t_0] -filter {CELL_NAME=~"inst_ila_top"}] -trigger_now
INFO: [Labtools 27-1964] The ILA core 'hw_ila_1' trigger was armed at 2020-Feb-06 18:40:33
wait_on_hw_ila [get_hw_ilas -of_objects [get_hw_devices xc7a75t_0] -filter {CELL_NAME=~"inst_ila_top"}]
display_hw_ila_data [upload_hw_ila_data [get_hw_ilas -of_objects [get_hw_devices xc7a75t_0] -filter {CELL_NAME=~"inst_ila_top"}]]
INFO: [Labtools 27-1966] The ILA core 'hw_ila_1' triggered at 2020-Feb-06 18:40:33
INFO: [Labtools 27-3304] ILA Waveform data saved to file E:/Exercise/FPGA/v3edu/08_uart_ddr_hdmi/vivado/ddr3_hdmi.hw/backup/hw_ila_data_1.ila. Use Tcl command 'read_hw_ila_data' or Vivado File->Import->Import ILA Data menu item to import the previously saved data.
run_hw_ila [get_hw_ilas -of_objects [get_hw_devices xc7a75t_0] -filter {CELL_NAME=~"inst_ila_top"}]
INFO: [Labtools 27-1964] The ILA core 'hw_ila_1' trigger was armed at 2020-Feb-06 18:40:36
wait_on_hw_ila -timeout 0 [get_hw_ilas -of_objects [get_hw_devices xc7a75t_0] -filter {CELL_NAME=~"inst_ila_top"}]
upload_hw_ila_data [get_hw_ilas -of_objects [get_hw_devices xc7a75t_0] -filter {CELL_NAME=~"inst_ila_top"}]
INFO: [Labtools 27-1965] The ILA core 'hw_ila_1' trigger was stopped by user at 2020-Feb-06 18:40:41
WARNING: [Labtools 27-157] hw_ila [hw_ila_1] stopped. No data to upload.
run_hw_ila [get_hw_ilas -of_objects [get_hw_devices xc7a75t_0] -filter {CELL_NAME=~"inst_ila_top"}] -trigger_now
INFO: [Labtools 27-1964] The ILA core 'hw_ila_1' trigger was armed at 2020-Feb-06 18:40:41
wait_on_hw_ila [get_hw_ilas -of_objects [get_hw_devices xc7a75t_0] -filter {CELL_NAME=~"inst_ila_top"}]
display_hw_ila_data [upload_hw_ila_data [get_hw_ilas -of_objects [get_hw_devices xc7a75t_0] -filter {CELL_NAME=~"inst_ila_top"}]]
INFO: [Labtools 27-1966] The ILA core 'hw_ila_1' triggered at 2020-Feb-06 18:40:41
INFO: [Labtools 27-3304] ILA Waveform data saved to file E:/Exercise/FPGA/v3edu/08_uart_ddr_hdmi/vivado/ddr3_hdmi.hw/backup/hw_ila_data_1.ila. Use Tcl command 'read_hw_ila_data' or Vivado File->Import->Import ILA Data menu item to import the previously saved data.
run_hw_ila [get_hw_ilas -of_objects [get_hw_devices xc7a75t_0] -filter {CELL_NAME=~"inst_ila_top"}] -trigger_now
INFO: [Labtools 27-1964] The ILA core 'hw_ila_1' trigger was armed at 2020-Feb-06 18:40:44
wait_on_hw_ila [get_hw_ilas -of_objects [get_hw_devices xc7a75t_0] -filter {CELL_NAME=~"inst_ila_top"}]
display_hw_ila_data [upload_hw_ila_data [get_hw_ilas -of_objects [get_hw_devices xc7a75t_0] -filter {CELL_NAME=~"inst_ila_top"}]]
INFO: [Labtools 27-1966] The ILA core 'hw_ila_1' triggered at 2020-Feb-06 18:40:44
INFO: [Labtools 27-3304] ILA Waveform data saved to file E:/Exercise/FPGA/v3edu/08_uart_ddr_hdmi/vivado/ddr3_hdmi.hw/backup/hw_ila_data_1.ila. Use Tcl command 'read_hw_ila_data' or Vivado File->Import->Import ILA Data menu item to import the previously saved data.
run_hw_ila [get_hw_ilas -of_objects [get_hw_devices xc7a75t_0] -filter {CELL_NAME=~"inst_ila_top"}]
INFO: [Labtools 27-1964] The ILA core 'hw_ila_1' trigger was armed at 2020-Feb-06 18:40:46
wait_on_hw_ila [get_hw_ilas -of_objects [get_hw_devices xc7a75t_0] -filter {CELL_NAME=~"inst_ila_top"}]
display_hw_ila_data [upload_hw_ila_data [get_hw_ilas -of_objects [get_hw_devices xc7a75t_0] -filter {CELL_NAME=~"inst_ila_top"}]]
INFO: [Labtools 27-1966] The ILA core 'hw_ila_1' triggered at 2020-Feb-06 18:40:51
INFO: [Labtools 27-3304] ILA Waveform data saved to file E:/Exercise/FPGA/v3edu/08_uart_ddr_hdmi/vivado/ddr3_hdmi.hw/backup/hw_ila_data_1.ila. Use Tcl command 'read_hw_ila_data' or Vivado File->Import->Import ILA Data menu item to import the previously saved data.
save_wave_config {E:/Exercise/FPGA/v3edu/08_uart_ddr_hdmi/vivado/ddr3_hdmi.hw/hw_1/wave/hw_ila_data_1/hw_ila_data_1.wcfg}
close_hw
open_hw
connect_hw_server
INFO: [Labtools 27-2285] Connecting to hw_server url TCP:localhost:3121
INFO: [Labtools 27-2222] Launching hw_server...
INFO: [Labtools 27-2221] Launch Output:

****** Xilinx hw_server v2018.2
  **** Build date : Jun 14 2018-20:42:52
    ** Copyright 1986-2018 Xilinx, Inc. All Rights Reserved.


open_hw_target
INFO: [Labtoolstcl 44-466] Opening hw_target localhost:3121/xilinx_tcf/Digilent/210203368853A
set_property PROGRAM.FILE {E:/Exercise/FPGA/v3edu/08_uart_ddr_hdmi/vivado/ddr3_hdmi.runs/impl_1/top_ddr3_hdmi.bit} [get_hw_devices xc7a75t_0]
set_property PROBES.FILE {E:/Exercise/FPGA/v3edu/08_uart_ddr_hdmi/vivado/ddr3_hdmi.runs/impl_1/top_ddr3_hdmi.ltx} [get_hw_devices xc7a75t_0]
set_property FULL_PROBES.FILE {E:/Exercise/FPGA/v3edu/08_uart_ddr_hdmi/vivado/ddr3_hdmi.runs/impl_1/top_ddr3_hdmi.ltx} [get_hw_devices xc7a75t_0]
current_hw_device [get_hw_devices xc7a75t_0]
refresh_hw_device [lindex [get_hw_devices xc7a75t_0] 0]
INFO: [Labtools 27-1435] Device xc7a75t (JTAG device index = 0) is not programmed (DONE status = 0).
set_property PROBES.FILE {E:/Exercise/FPGA/v3edu/08_uart_ddr_hdmi/vivado/ddr3_hdmi.runs/impl_1/top_ddr3_hdmi.ltx} [get_hw_devices xc7a75t_0]
set_property FULL_PROBES.FILE {E:/Exercise/FPGA/v3edu/08_uart_ddr_hdmi/vivado/ddr3_hdmi.runs/impl_1/top_ddr3_hdmi.ltx} [get_hw_devices xc7a75t_0]
set_property PROGRAM.FILE {E:/Exercise/FPGA/v3edu/08_uart_ddr_hdmi/vivado/ddr3_hdmi.runs/impl_1/top_ddr3_hdmi.bit} [get_hw_devices xc7a75t_0]
program_hw_devices [get_hw_devices xc7a75t_0]
INFO: [Labtools 27-3164] End of startup status: HIGH
refresh_hw_device [lindex [get_hw_devices xc7a75t_0] 0]
INFO: [Labtools 27-2302] Device xc7a75t (JTAG device index = 0) is programmed with a design that has 1 ILA core(s).
display_hw_ila_data [ get_hw_ila_data hw_ila_data_1 -of_objects [get_hw_ilas -of_objects [get_hw_devices xc7a75t_0] -filter {CELL_NAME=~"inst_ila_top"}]]
INFO: [Labtools 27-3304] ILA Waveform data saved to file E:/Exercise/FPGA/v3edu/08_uart_ddr_hdmi/vivado/ddr3_hdmi.hw/backup/hw_ila_data_1.ila. Use Tcl command 'read_hw_ila_data' or Vivado File->Import->Import ILA Data menu item to import the previously saved data.
run_hw_ila [get_hw_ilas -of_objects [get_hw_devices xc7a75t_0] -filter {CELL_NAME=~"inst_ila_top"}] -trigger_now
INFO: [Labtools 27-1964] The ILA core 'hw_ila_1' trigger was armed at 2020-Feb-06 18:42:34
wait_on_hw_ila [get_hw_ilas -of_objects [get_hw_devices xc7a75t_0] -filter {CELL_NAME=~"inst_ila_top"}]
display_hw_ila_data [upload_hw_ila_data [get_hw_ilas -of_objects [get_hw_devices xc7a75t_0] -filter {CELL_NAME=~"inst_ila_top"}]]
INFO: [Labtools 27-1966] The ILA core 'hw_ila_1' triggered at 2020-Feb-06 18:42:34
INFO: [Labtools 27-3304] ILA Waveform data saved to file E:/Exercise/FPGA/v3edu/08_uart_ddr_hdmi/vivado/ddr3_hdmi.hw/backup/hw_ila_data_1.ila. Use Tcl command 'read_hw_ila_data' or Vivado File->Import->Import ILA Data menu item to import the previously saved data.
set_property TRIGGER_COMPARE_VALUE eq1'bX [get_hw_probes rx_flag -of_objects [get_hw_ilas -of_objects [get_hw_devices xc7a75t_0] -filter {CELL_NAME=~"inst_ila_top"}]]
set_property TRIGGER_COMPARE_VALUE eq1'bR [get_hw_probes wr_en -of_objects [get_hw_ilas -of_objects [get_hw_devices xc7a75t_0] -filter {CELL_NAME=~"inst_ila_top"}]]
run_hw_ila [get_hw_ilas -of_objects [get_hw_devices xc7a75t_0] -filter {CELL_NAME=~"inst_ila_top"}]
INFO: [Labtools 27-1964] The ILA core 'hw_ila_1' trigger was armed at 2020-Feb-06 18:42:53
wait_on_hw_ila [get_hw_ilas -of_objects [get_hw_devices xc7a75t_0] -filter {CELL_NAME=~"inst_ila_top"}]
display_hw_ila_data [upload_hw_ila_data [get_hw_ilas -of_objects [get_hw_devices xc7a75t_0] -filter {CELL_NAME=~"inst_ila_top"}]]
INFO: [Labtools 27-1966] The ILA core 'hw_ila_1' triggered at 2020-Feb-06 18:43:04
INFO: [Labtools 27-3304] ILA Waveform data saved to file E:/Exercise/FPGA/v3edu/08_uart_ddr_hdmi/vivado/ddr3_hdmi.hw/backup/hw_ila_data_1.ila. Use Tcl command 'read_hw_ila_data' or Vivado File->Import->Import ILA Data menu item to import the previously saved data.
set_property CONTROL.TRIGGER_POSITION 100 [get_hw_ilas -of_objects [get_hw_devices xc7a75t_0] -filter {CELL_NAME=~"inst_ila_top"}]
run_hw_ila [get_hw_ilas -of_objects [get_hw_devices xc7a75t_0] -filter {CELL_NAME=~"inst_ila_top"}]
INFO: [Labtools 27-1964] The ILA core 'hw_ila_1' trigger was armed at 2020-Feb-06 18:43:32
wait_on_hw_ila -timeout 0 [get_hw_ilas -of_objects [get_hw_devices xc7a75t_0] -filter {CELL_NAME=~"inst_ila_top"}]
upload_hw_ila_data [get_hw_ilas -of_objects [get_hw_devices xc7a75t_0] -filter {CELL_NAME=~"inst_ila_top"}]
INFO: [Labtools 27-1965] The ILA core 'hw_ila_1' trigger was stopped by user at 2020-Feb-06 18:44:01
WARNING: [Labtools 27-157] hw_ila [hw_ila_1] stopped. No data to upload.
run_hw_ila [get_hw_ilas -of_objects [get_hw_devices xc7a75t_0] -filter {CELL_NAME=~"inst_ila_top"}] -trigger_now
INFO: [Labtools 27-1964] The ILA core 'hw_ila_1' trigger was armed at 2020-Feb-06 18:44:01
wait_on_hw_ila [get_hw_ilas -of_objects [get_hw_devices xc7a75t_0] -filter {CELL_NAME=~"inst_ila_top"}]
display_hw_ila_data [upload_hw_ila_data [get_hw_ilas -of_objects [get_hw_devices xc7a75t_0] -filter {CELL_NAME=~"inst_ila_top"}]]
INFO: [Labtools 27-1966] The ILA core 'hw_ila_1' triggered at 2020-Feb-06 18:44:01
INFO: [Labtools 27-3304] ILA Waveform data saved to file E:/Exercise/FPGA/v3edu/08_uart_ddr_hdmi/vivado/ddr3_hdmi.hw/backup/hw_ila_data_1.ila. Use Tcl command 'read_hw_ila_data' or Vivado File->Import->Import ILA Data menu item to import the previously saved data.
run_hw_ila [get_hw_ilas -of_objects [get_hw_devices xc7a75t_0] -filter {CELL_NAME=~"inst_ila_top"}]
INFO: [Labtools 27-1964] The ILA core 'hw_ila_1' trigger was armed at 2020-Feb-06 18:44:05
save_wave_config {E:/Exercise/FPGA/v3edu/08_uart_ddr_hdmi/vivado/ddr3_hdmi.hw/hw_1/wave/hw_ila_data_1/hw_ila_data_1.wcfg}
close_hw
open_hw
connect_hw_server
INFO: [Labtools 27-2285] Connecting to hw_server url TCP:localhost:3121
INFO: [Labtools 27-2222] Launching hw_server...
INFO: [Labtools 27-2221] Launch Output:

****** Xilinx hw_server v2018.2
  **** Build date : Jun 14 2018-20:42:52
    ** Copyright 1986-2018 Xilinx, Inc. All Rights Reserved.


open_hw_target
INFO: [Labtoolstcl 44-466] Opening hw_target localhost:3121/xilinx_tcf/Digilent/210203368853A
set_property PROGRAM.FILE {E:/Exercise/FPGA/v3edu/08_uart_ddr_hdmi/vivado/ddr3_hdmi.runs/impl_1/top_ddr3_hdmi.bit} [get_hw_devices xc7a75t_0]
set_property PROBES.FILE {E:/Exercise/FPGA/v3edu/08_uart_ddr_hdmi/vivado/ddr3_hdmi.runs/impl_1/top_ddr3_hdmi.ltx} [get_hw_devices xc7a75t_0]
set_property FULL_PROBES.FILE {E:/Exercise/FPGA/v3edu/08_uart_ddr_hdmi/vivado/ddr3_hdmi.runs/impl_1/top_ddr3_hdmi.ltx} [get_hw_devices xc7a75t_0]
current_hw_device [get_hw_devices xc7a75t_0]
refresh_hw_device [lindex [get_hw_devices xc7a75t_0] 0]
INFO: [Labtools 27-1435] Device xc7a75t (JTAG device index = 0) is not programmed (DONE status = 0).
set_property PROBES.FILE {E:/Exercise/FPGA/v3edu/08_uart_ddr_hdmi/vivado/ddr3_hdmi.runs/impl_1/top_ddr3_hdmi.ltx} [get_hw_devices xc7a75t_0]
set_property FULL_PROBES.FILE {E:/Exercise/FPGA/v3edu/08_uart_ddr_hdmi/vivado/ddr3_hdmi.runs/impl_1/top_ddr3_hdmi.ltx} [get_hw_devices xc7a75t_0]
set_property PROGRAM.FILE {E:/Exercise/FPGA/v3edu/08_uart_ddr_hdmi/vivado/ddr3_hdmi.runs/impl_1/top_ddr3_hdmi.bit} [get_hw_devices xc7a75t_0]
program_hw_devices [get_hw_devices xc7a75t_0]
INFO: [Labtools 27-3164] End of startup status: HIGH
refresh_hw_device [lindex [get_hw_devices xc7a75t_0] 0]
INFO: [Labtools 27-2302] Device xc7a75t (JTAG device index = 0) is programmed with a design that has 1 ILA core(s).
display_hw_ila_data [ get_hw_ila_data hw_ila_data_1 -of_objects [get_hw_ilas -of_objects [get_hw_devices xc7a75t_0] -filter {CELL_NAME=~"inst_ila_top"}]]
INFO: [Labtools 27-3304] ILA Waveform data saved to file E:/Exercise/FPGA/v3edu/08_uart_ddr_hdmi/vivado/ddr3_hdmi.hw/backup/hw_ila_data_1.ila. Use Tcl command 'read_hw_ila_data' or Vivado File->Import->Import ILA Data menu item to import the previously saved data.
run_hw_ila [get_hw_ilas -of_objects [get_hw_devices xc7a75t_0] -filter {CELL_NAME=~"inst_ila_top"}]
INFO: [Labtools 27-1964] The ILA core 'hw_ila_1' trigger was armed at 2020-Feb-06 19:10:59
wait_on_hw_ila -timeout 0 [get_hw_ilas -of_objects [get_hw_devices xc7a75t_0] -filter {CELL_NAME=~"inst_ila_top"}]
upload_hw_ila_data [get_hw_ilas -of_objects [get_hw_devices xc7a75t_0] -filter {CELL_NAME=~"inst_ila_top"}]
INFO: [Labtools 27-1965] The ILA core 'hw_ila_1' trigger was stopped by user at 2020-Feb-06 19:11:00
WARNING: [Labtools 27-157] hw_ila [hw_ila_1] stopped. No data to upload.
run_hw_ila [get_hw_ilas -of_objects [get_hw_devices xc7a75t_0] -filter {CELL_NAME=~"inst_ila_top"}] -trigger_now
INFO: [Labtools 27-1964] The ILA core 'hw_ila_1' trigger was armed at 2020-Feb-06 19:11:00
wait_on_hw_ila [get_hw_ilas -of_objects [get_hw_devices xc7a75t_0] -filter {CELL_NAME=~"inst_ila_top"}]
display_hw_ila_data [upload_hw_ila_data [get_hw_ilas -of_objects [get_hw_devices xc7a75t_0] -filter {CELL_NAME=~"inst_ila_top"}]]
INFO: [Labtools 27-1966] The ILA core 'hw_ila_1' triggered at 2020-Feb-06 19:11:00
INFO: [Labtools 27-3304] ILA Waveform data saved to file E:/Exercise/FPGA/v3edu/08_uart_ddr_hdmi/vivado/ddr3_hdmi.hw/backup/hw_ila_data_1.ila. Use Tcl command 'read_hw_ila_data' or Vivado File->Import->Import ILA Data menu item to import the previously saved data.
run_hw_ila [get_hw_ilas -of_objects [get_hw_devices xc7a75t_0] -filter {CELL_NAME=~"inst_ila_top"}]
INFO: [Labtools 27-1964] The ILA core 'hw_ila_1' trigger was armed at 2020-Feb-06 19:11:13
save_wave_config {E:/Exercise/FPGA/v3edu/08_uart_ddr_hdmi/vivado/ddr3_hdmi.hw/hw_1/wave/hw_ila_data_1/hw_ila_data_1.wcfg}
close_hw
open_hw
connect_hw_server
INFO: [Labtools 27-2285] Connecting to hw_server url TCP:localhost:3121
open_hw_target
INFO: [Labtoolstcl 44-466] Opening hw_target localhost:3121/xilinx_tcf/Digilent/210203368853A
set_property PROGRAM.FILE {E:/Exercise/FPGA/v3edu/08_uart_ddr_hdmi/vivado/ddr3_hdmi.runs/impl_1/top_ddr3_hdmi.bit} [get_hw_devices xc7a75t_0]
set_property PROBES.FILE {E:/Exercise/FPGA/v3edu/08_uart_ddr_hdmi/vivado/ddr3_hdmi.runs/impl_1/top_ddr3_hdmi.ltx} [get_hw_devices xc7a75t_0]
set_property FULL_PROBES.FILE {E:/Exercise/FPGA/v3edu/08_uart_ddr_hdmi/vivado/ddr3_hdmi.runs/impl_1/top_ddr3_hdmi.ltx} [get_hw_devices xc7a75t_0]
current_hw_device [get_hw_devices xc7a75t_0]
refresh_hw_device [lindex [get_hw_devices xc7a75t_0] 0]
INFO: [Labtools 27-1435] Device xc7a75t (JTAG device index = 0) is not programmed (DONE status = 0).
set_property PROBES.FILE {E:/Exercise/FPGA/v3edu/08_uart_ddr_hdmi/vivado/ddr3_hdmi.runs/impl_1/top_ddr3_hdmi.ltx} [get_hw_devices xc7a75t_0]
set_property FULL_PROBES.FILE {E:/Exercise/FPGA/v3edu/08_uart_ddr_hdmi/vivado/ddr3_hdmi.runs/impl_1/top_ddr3_hdmi.ltx} [get_hw_devices xc7a75t_0]
set_property PROGRAM.FILE {E:/Exercise/FPGA/v3edu/08_uart_ddr_hdmi/vivado/ddr3_hdmi.runs/impl_1/top_ddr3_hdmi.bit} [get_hw_devices xc7a75t_0]
program_hw_devices [get_hw_devices xc7a75t_0]
INFO: [Labtools 27-3164] End of startup status: HIGH
refresh_hw_device [lindex [get_hw_devices xc7a75t_0] 0]
INFO: [Labtools 27-2302] Device xc7a75t (JTAG device index = 0) is programmed with a design that has 1 ILA core(s).
display_hw_ila_data [ get_hw_ila_data hw_ila_data_1 -of_objects [get_hw_ilas -of_objects [get_hw_devices xc7a75t_0] -filter {CELL_NAME=~"inst_ila_top"}]]
INFO: [Labtools 27-3304] ILA Waveform data saved to file E:/Exercise/FPGA/v3edu/08_uart_ddr_hdmi/vivado/ddr3_hdmi.hw/backup/hw_ila_data_1.ila. Use Tcl command 'read_hw_ila_data' or Vivado File->Import->Import ILA Data menu item to import the previously saved data.
run_hw_ila [get_hw_ilas -of_objects [get_hw_devices xc7a75t_0] -filter {CELL_NAME=~"inst_ila_top"}]
INFO: [Labtools 27-1964] The ILA core 'hw_ila_1' trigger was armed at 2020-Feb-06 19:12:05
set_property TRIGGER_COMPARE_VALUE eq1'bX [get_hw_probes wr_en -of_objects [get_hw_ilas -of_objects [get_hw_devices xc7a75t_0] -filter {CELL_NAME=~"inst_ila_top"}]]
set_property TRIGGER_COMPARE_VALUE eq1'bR [get_hw_probes rx_flag -of_objects [get_hw_ilas -of_objects [get_hw_devices xc7a75t_0] -filter {CELL_NAME=~"inst_ila_top"}]]
wait_on_hw_ila -timeout 0 [get_hw_ilas -of_objects [get_hw_devices xc7a75t_0] -filter {CELL_NAME=~"inst_ila_top"}]
upload_hw_ila_data [get_hw_ilas -of_objects [get_hw_devices xc7a75t_0] -filter {CELL_NAME=~"inst_ila_top"}]
INFO: [Labtools 27-1965] The ILA core 'hw_ila_1' trigger was stopped by user at 2020-Feb-06 19:13:23
WARNING: [Labtools 27-157] hw_ila [hw_ila_1] stopped. No data to upload.
run_hw_ila [get_hw_ilas -of_objects [get_hw_devices xc7a75t_0] -filter {CELL_NAME=~"inst_ila_top"}] -trigger_now
INFO: [Labtools 27-1964] The ILA core 'hw_ila_1' trigger was armed at 2020-Feb-06 19:13:23
wait_on_hw_ila [get_hw_ilas -of_objects [get_hw_devices xc7a75t_0] -filter {CELL_NAME=~"inst_ila_top"}]
display_hw_ila_data [upload_hw_ila_data [get_hw_ilas -of_objects [get_hw_devices xc7a75t_0] -filter {CELL_NAME=~"inst_ila_top"}]]
INFO: [Labtools 27-1966] The ILA core 'hw_ila_1' triggered at 2020-Feb-06 19:13:23
INFO: [Labtools 27-3304] ILA Waveform data saved to file E:/Exercise/FPGA/v3edu/08_uart_ddr_hdmi/vivado/ddr3_hdmi.hw/backup/hw_ila_data_1.ila. Use Tcl command 'read_hw_ila_data' or Vivado File->Import->Import ILA Data menu item to import the previously saved data.
run_hw_ila [get_hw_ilas -of_objects [get_hw_devices xc7a75t_0] -filter {CELL_NAME=~"inst_ila_top"}]
INFO: [Labtools 27-1964] The ILA core 'hw_ila_1' trigger was armed at 2020-Feb-06 19:13:33
wait_on_hw_ila [get_hw_ilas -of_objects [get_hw_devices xc7a75t_0] -filter {CELL_NAME=~"inst_ila_top"}]
display_hw_ila_data [upload_hw_ila_data [get_hw_ilas -of_objects [get_hw_devices xc7a75t_0] -filter {CELL_NAME=~"inst_ila_top"}]]
INFO: [Labtools 27-1966] The ILA core 'hw_ila_1' triggered at 2020-Feb-06 19:13:33
INFO: [Labtools 27-3304] ILA Waveform data saved to file E:/Exercise/FPGA/v3edu/08_uart_ddr_hdmi/vivado/ddr3_hdmi.hw/backup/hw_ila_data_1.ila. Use Tcl command 'read_hw_ila_data' or Vivado File->Import->Import ILA Data menu item to import the previously saved data.
set_property TRIGGER_COMPARE_VALUE eq1'bX [get_hw_probes rx_flag -of_objects [get_hw_ilas -of_objects [get_hw_devices xc7a75t_0] -filter {CELL_NAME=~"inst_ila_top"}]]
set_property TRIGGER_COMPARE_VALUE eq1'bR [get_hw_probes wr_en -of_objects [get_hw_ilas -of_objects [get_hw_devices xc7a75t_0] -filter {CELL_NAME=~"inst_ila_top"}]]
run_hw_ila [get_hw_ilas -of_objects [get_hw_devices xc7a75t_0] -filter {CELL_NAME=~"inst_ila_top"}]
INFO: [Labtools 27-1964] The ILA core 'hw_ila_1' trigger was armed at 2020-Feb-06 19:14:07
wait_on_hw_ila -timeout 0 [get_hw_ilas -of_objects [get_hw_devices xc7a75t_0] -filter {CELL_NAME=~"inst_ila_top"}]
upload_hw_ila_data [get_hw_ilas -of_objects [get_hw_devices xc7a75t_0] -filter {CELL_NAME=~"inst_ila_top"}]
INFO: [Labtools 27-1965] The ILA core 'hw_ila_1' trigger was stopped by user at 2020-Feb-06 19:14:36
WARNING: [Labtools 27-157] hw_ila [hw_ila_1] stopped. No data to upload.
run_hw_ila [get_hw_ilas -of_objects [get_hw_devices xc7a75t_0] -filter {CELL_NAME=~"inst_ila_top"}] -trigger_now
INFO: [Labtools 27-1964] The ILA core 'hw_ila_1' trigger was armed at 2020-Feb-06 19:14:36
wait_on_hw_ila [get_hw_ilas -of_objects [get_hw_devices xc7a75t_0] -filter {CELL_NAME=~"inst_ila_top"}]
display_hw_ila_data [upload_hw_ila_data [get_hw_ilas -of_objects [get_hw_devices xc7a75t_0] -filter {CELL_NAME=~"inst_ila_top"}]]
INFO: [Labtools 27-1966] The ILA core 'hw_ila_1' triggered at 2020-Feb-06 19:14:36
INFO: [Labtools 27-3304] ILA Waveform data saved to file E:/Exercise/FPGA/v3edu/08_uart_ddr_hdmi/vivado/ddr3_hdmi.hw/backup/hw_ila_data_1.ila. Use Tcl command 'read_hw_ila_data' or Vivado File->Import->Import ILA Data menu item to import the previously saved data.
run_hw_ila [get_hw_ilas -of_objects [get_hw_devices xc7a75t_0] -filter {CELL_NAME=~"inst_ila_top"}]
INFO: [Labtools 27-1964] The ILA core 'hw_ila_1' trigger was armed at 2020-Feb-06 19:14:40
wait_on_hw_ila -timeout 0 [get_hw_ilas -of_objects [get_hw_devices xc7a75t_0] -filter {CELL_NAME=~"inst_ila_top"}]
upload_hw_ila_data [get_hw_ilas -of_objects [get_hw_devices xc7a75t_0] -filter {CELL_NAME=~"inst_ila_top"}]
INFO: [Labtools 27-1965] The ILA core 'hw_ila_1' trigger was stopped by user at 2020-Feb-06 19:15:57
WARNING: [Labtools 27-157] hw_ila [hw_ila_1] stopped. No data to upload.
run_hw_ila [get_hw_ilas -of_objects [get_hw_devices xc7a75t_0] -filter {CELL_NAME=~"inst_ila_top"}] -trigger_now
INFO: [Labtools 27-1964] The ILA core 'hw_ila_1' trigger was armed at 2020-Feb-06 19:15:57
wait_on_hw_ila [get_hw_ilas -of_objects [get_hw_devices xc7a75t_0] -filter {CELL_NAME=~"inst_ila_top"}]
display_hw_ila_data [upload_hw_ila_data [get_hw_ilas -of_objects [get_hw_devices xc7a75t_0] -filter {CELL_NAME=~"inst_ila_top"}]]
INFO: [Labtools 27-1966] The ILA core 'hw_ila_1' triggered at 2020-Feb-06 19:15:57
INFO: [Labtools 27-3304] ILA Waveform data saved to file E:/Exercise/FPGA/v3edu/08_uart_ddr_hdmi/vivado/ddr3_hdmi.hw/backup/hw_ila_data_1.ila. Use Tcl command 'read_hw_ila_data' or Vivado File->Import->Import ILA Data menu item to import the previously saved data.
run_hw_ila [get_hw_ilas -of_objects [get_hw_devices xc7a75t_0] -filter {CELL_NAME=~"inst_ila_top"}] -trigger_now
INFO: [Labtools 27-1964] The ILA core 'hw_ila_1' trigger was armed at 2020-Feb-06 19:16:00
wait_on_hw_ila [get_hw_ilas -of_objects [get_hw_devices xc7a75t_0] -filter {CELL_NAME=~"inst_ila_top"}]
display_hw_ila_data [upload_hw_ila_data [get_hw_ilas -of_objects [get_hw_devices xc7a75t_0] -filter {CELL_NAME=~"inst_ila_top"}]]
INFO: [Labtools 27-1966] The ILA core 'hw_ila_1' triggered at 2020-Feb-06 19:16:00
INFO: [Labtools 27-3304] ILA Waveform data saved to file E:/Exercise/FPGA/v3edu/08_uart_ddr_hdmi/vivado/ddr3_hdmi.hw/backup/hw_ila_data_1.ila. Use Tcl command 'read_hw_ila_data' or Vivado File->Import->Import ILA Data menu item to import the previously saved data.
run_hw_ila [get_hw_ilas -of_objects [get_hw_devices xc7a75t_0] -filter {CELL_NAME=~"inst_ila_top"}] -trigger_now
INFO: [Labtools 27-1964] The ILA core 'hw_ila_1' trigger was armed at 2020-Feb-06 19:16:03
wait_on_hw_ila [get_hw_ilas -of_objects [get_hw_devices xc7a75t_0] -filter {CELL_NAME=~"inst_ila_top"}]
display_hw_ila_data [upload_hw_ila_data [get_hw_ilas -of_objects [get_hw_devices xc7a75t_0] -filter {CELL_NAME=~"inst_ila_top"}]]
INFO: [Labtools 27-1966] The ILA core 'hw_ila_1' triggered at 2020-Feb-06 19:16:03
INFO: [Labtools 27-3304] ILA Waveform data saved to file E:/Exercise/FPGA/v3edu/08_uart_ddr_hdmi/vivado/ddr3_hdmi.hw/backup/hw_ila_data_1.ila. Use Tcl command 'read_hw_ila_data' or Vivado File->Import->Import ILA Data menu item to import the previously saved data.
run_hw_ila [get_hw_ilas -of_objects [get_hw_devices xc7a75t_0] -filter {CELL_NAME=~"inst_ila_top"}] -trigger_now
INFO: [Labtools 27-1964] The ILA core 'hw_ila_1' trigger was armed at 2020-Feb-06 19:16:05
wait_on_hw_ila [get_hw_ilas -of_objects [get_hw_devices xc7a75t_0] -filter {CELL_NAME=~"inst_ila_top"}]
display_hw_ila_data [upload_hw_ila_data [get_hw_ilas -of_objects [get_hw_devices xc7a75t_0] -filter {CELL_NAME=~"inst_ila_top"}]]
INFO: [Labtools 27-1966] The ILA core 'hw_ila_1' triggered at 2020-Feb-06 19:16:05
INFO: [Labtools 27-3304] ILA Waveform data saved to file E:/Exercise/FPGA/v3edu/08_uart_ddr_hdmi/vivado/ddr3_hdmi.hw/backup/hw_ila_data_1.ila. Use Tcl command 'read_hw_ila_data' or Vivado File->Import->Import ILA Data menu item to import the previously saved data.
run_hw_ila [get_hw_ilas -of_objects [get_hw_devices xc7a75t_0] -filter {CELL_NAME=~"inst_ila_top"}] -trigger_now
INFO: [Labtools 27-1964] The ILA core 'hw_ila_1' trigger was armed at 2020-Feb-06 19:16:07
wait_on_hw_ila [get_hw_ilas -of_objects [get_hw_devices xc7a75t_0] -filter {CELL_NAME=~"inst_ila_top"}]
display_hw_ila_data [upload_hw_ila_data [get_hw_ilas -of_objects [get_hw_devices xc7a75t_0] -filter {CELL_NAME=~"inst_ila_top"}]]
INFO: [Labtools 27-1966] The ILA core 'hw_ila_1' triggered at 2020-Feb-06 19:16:07
INFO: [Labtools 27-3304] ILA Waveform data saved to file E:/Exercise/FPGA/v3edu/08_uart_ddr_hdmi/vivado/ddr3_hdmi.hw/backup/hw_ila_data_1.ila. Use Tcl command 'read_hw_ila_data' or Vivado File->Import->Import ILA Data menu item to import the previously saved data.
run_hw_ila [get_hw_ilas -of_objects [get_hw_devices xc7a75t_0] -filter {CELL_NAME=~"inst_ila_top"}] -trigger_now
INFO: [Labtools 27-1964] The ILA core 'hw_ila_1' trigger was armed at 2020-Feb-06 19:16:09
wait_on_hw_ila [get_hw_ilas -of_objects [get_hw_devices xc7a75t_0] -filter {CELL_NAME=~"inst_ila_top"}]
display_hw_ila_data [upload_hw_ila_data [get_hw_ilas -of_objects [get_hw_devices xc7a75t_0] -filter {CELL_NAME=~"inst_ila_top"}]]
INFO: [Labtools 27-1966] The ILA core 'hw_ila_1' triggered at 2020-Feb-06 19:16:09
INFO: [Labtools 27-3304] ILA Waveform data saved to file E:/Exercise/FPGA/v3edu/08_uart_ddr_hdmi/vivado/ddr3_hdmi.hw/backup/hw_ila_data_1.ila. Use Tcl command 'read_hw_ila_data' or Vivado File->Import->Import ILA Data menu item to import the previously saved data.
run_hw_ila [get_hw_ilas -of_objects [get_hw_devices xc7a75t_0] -filter {CELL_NAME=~"inst_ila_top"}] -trigger_now
INFO: [Labtools 27-1964] The ILA core 'hw_ila_1' trigger was armed at 2020-Feb-06 19:16:11
wait_on_hw_ila [get_hw_ilas -of_objects [get_hw_devices xc7a75t_0] -filter {CELL_NAME=~"inst_ila_top"}]
display_hw_ila_data [upload_hw_ila_data [get_hw_ilas -of_objects [get_hw_devices xc7a75t_0] -filter {CELL_NAME=~"inst_ila_top"}]]
INFO: [Labtools 27-1966] The ILA core 'hw_ila_1' triggered at 2020-Feb-06 19:16:11
INFO: [Labtools 27-3304] ILA Waveform data saved to file E:/Exercise/FPGA/v3edu/08_uart_ddr_hdmi/vivado/ddr3_hdmi.hw/backup/hw_ila_data_1.ila. Use Tcl command 'read_hw_ila_data' or Vivado File->Import->Import ILA Data menu item to import the previously saved data.
run_hw_ila [get_hw_ilas -of_objects [get_hw_devices xc7a75t_0] -filter {CELL_NAME=~"inst_ila_top"}] -trigger_now
INFO: [Labtools 27-1964] The ILA core 'hw_ila_1' trigger was armed at 2020-Feb-06 19:16:12
wait_on_hw_ila [get_hw_ilas -of_objects [get_hw_devices xc7a75t_0] -filter {CELL_NAME=~"inst_ila_top"}]
display_hw_ila_data [upload_hw_ila_data [get_hw_ilas -of_objects [get_hw_devices xc7a75t_0] -filter {CELL_NAME=~"inst_ila_top"}]]
INFO: [Labtools 27-1966] The ILA core 'hw_ila_1' triggered at 2020-Feb-06 19:16:12
INFO: [Labtools 27-3304] ILA Waveform data saved to file E:/Exercise/FPGA/v3edu/08_uart_ddr_hdmi/vivado/ddr3_hdmi.hw/backup/hw_ila_data_1.ila. Use Tcl command 'read_hw_ila_data' or Vivado File->Import->Import ILA Data menu item to import the previously saved data.
save_wave_config {E:/Exercise/FPGA/v3edu/08_uart_ddr_hdmi/vivado/ddr3_hdmi.hw/hw_1/wave/hw_ila_data_1/hw_ila_data_1.wcfg}
close_hw
reset_run synth_1
launch_runs impl_1 -to_step write_bitstream -jobs 12
[Thu Feb  6 19:23:02 2020] Launched synth_1...
Run output will be captured here: E:/Exercise/FPGA/v3edu/08_uart_ddr_hdmi/vivado/ddr3_hdmi.runs/synth_1/runme.log
[Thu Feb  6 19:23:02 2020] Launched impl_1...
Run output will be captured here: E:/Exercise/FPGA/v3edu/08_uart_ddr_hdmi/vivado/ddr3_hdmi.runs/impl_1/runme.log
open_hw
connect_hw_server
INFO: [Labtools 27-2285] Connecting to hw_server url TCP:localhost:3121
INFO: [Labtools 27-2222] Launching hw_server...
INFO: [Labtools 27-2221] Launch Output:

****** Xilinx hw_server v2018.2
  **** Build date : Jun 14 2018-20:42:52
    ** Copyright 1986-2018 Xilinx, Inc. All Rights Reserved.


open_hw_target
INFO: [Labtoolstcl 44-466] Opening hw_target localhost:3121/xilinx_tcf/Digilent/210203368853A
set_property PROGRAM.FILE {E:/Exercise/FPGA/v3edu/08_uart_ddr_hdmi/vivado/ddr3_hdmi.runs/impl_1/top_ddr3_hdmi.bit} [get_hw_devices xc7a75t_0]
set_property PROBES.FILE {E:/Exercise/FPGA/v3edu/08_uart_ddr_hdmi/vivado/ddr3_hdmi.runs/impl_1/top_ddr3_hdmi.ltx} [get_hw_devices xc7a75t_0]
set_property FULL_PROBES.FILE {E:/Exercise/FPGA/v3edu/08_uart_ddr_hdmi/vivado/ddr3_hdmi.runs/impl_1/top_ddr3_hdmi.ltx} [get_hw_devices xc7a75t_0]
current_hw_device [get_hw_devices xc7a75t_0]
refresh_hw_device [lindex [get_hw_devices xc7a75t_0] 0]
INFO: [Labtools 27-1435] Device xc7a75t (JTAG device index = 0) is not programmed (DONE status = 0).
set_property PROBES.FILE {E:/Exercise/FPGA/v3edu/08_uart_ddr_hdmi/vivado/ddr3_hdmi.runs/impl_1/top_ddr3_hdmi.ltx} [get_hw_devices xc7a75t_0]
set_property FULL_PROBES.FILE {E:/Exercise/FPGA/v3edu/08_uart_ddr_hdmi/vivado/ddr3_hdmi.runs/impl_1/top_ddr3_hdmi.ltx} [get_hw_devices xc7a75t_0]
set_property PROGRAM.FILE {E:/Exercise/FPGA/v3edu/08_uart_ddr_hdmi/vivado/ddr3_hdmi.runs/impl_1/top_ddr3_hdmi.bit} [get_hw_devices xc7a75t_0]
program_hw_devices [get_hw_devices xc7a75t_0]
INFO: [Labtools 27-3164] End of startup status: HIGH
refresh_hw_device [lindex [get_hw_devices xc7a75t_0] 0]
INFO: [Labtools 27-2302] Device xc7a75t (JTAG device index = 0) is programmed with a design that has 2 ILA core(s).
display_hw_ila_data [ get_hw_ila_data hw_ila_data_1 -of_objects [get_hw_ilas -of_objects [get_hw_devices xc7a75t_0] -filter {CELL_NAME=~"inst_bit8to128/inst_ila_bit8to128"}]]
WARNING: Simulation object rx_data was not found in the design.
WARNING: Simulation object rx_flag was not found in the design.
WARNING: Simulation object rx_IBUF was not found in the design.
WARNING: Simulation object wr_en was not found in the design.
INFO: [Labtools 27-3304] ILA Waveform data saved to file E:/Exercise/FPGA/v3edu/08_uart_ddr_hdmi/vivado/ddr3_hdmi.hw/backup/hw_ila_data_1.ila. Use Tcl command 'read_hw_ila_data' or Vivado File->Import->Import ILA Data menu item to import the previously saved data.
display_hw_ila_data [ get_hw_ila_data hw_ila_data_2 -of_objects [get_hw_ilas -of_objects [get_hw_devices xc7a75t_0] -filter {CELL_NAME=~"inst_ila_top"}]]
WARNING: Simulation object inst_top_hdmi/inst_hdmi_buffer/green was not found in the design.
WARNING: Simulation object inst_top_hdmi/inst_hdmi_buffer/hdmi_rst_n was not found in the design.
WARNING: Simulation object inst_top_hdmi/inst_hdmi_buffer/rd_data_valid was not found in the design.
WARNING: Simulation object inst_top_hdmi/inst_hdmi_buffer/rd_fifo_en was not found in the design.
WARNING: Simulation object inst_top_hdmi/inst_hdmi_buffer/rd_start was not found in the design.
WARNING: Simulation object inst_top_hdmi/inst_hdmi_buffer/state was not found in the design.
WARNING: Simulation object inst_top_hdmi/inst_hdmi_buffer/user_rd_end was not found in the design.
WARNING: Simulation object inst_top_hdmi/inst_hdmi_buffer/wr_data_count was not found in the design.
INFO: [Labtools 27-3304] ILA Waveform data saved to file E:/Exercise/FPGA/v3edu/08_uart_ddr_hdmi/vivado/ddr3_hdmi.hw/backup/hw_ila_data_2.ila. Use Tcl command 'read_hw_ila_data' or Vivado File->Import->Import ILA Data menu item to import the previously saved data.
add_wave -into {hw_ila_data_2.wcfg} -radix hex { {rx_data} {rx_flag} {rx_IBUF} {wr_en} }
run_hw_ila [get_hw_ilas -of_objects [get_hw_devices xc7a75t_0] -filter {CELL_NAME=~"inst_ila_top"}]
INFO: [Labtools 27-1964] The ILA core 'hw_ila_2' trigger was armed at 2020-Feb-06 19:41:03
wait_on_hw_ila [get_hw_ilas -of_objects [get_hw_devices xc7a75t_0] -filter {CELL_NAME=~"inst_ila_top"}]
display_hw_ila_data [upload_hw_ila_data [get_hw_ilas -of_objects [get_hw_devices xc7a75t_0] -filter {CELL_NAME=~"inst_ila_top"}]]
INFO: [Labtools 27-1966] The ILA core 'hw_ila_2' triggered at 2020-Feb-06 19:41:20
INFO: [Labtools 27-3304] ILA Waveform data saved to file E:/Exercise/FPGA/v3edu/08_uart_ddr_hdmi/vivado/ddr3_hdmi.hw/backup/hw_ila_data_2.ila. Use Tcl command 'read_hw_ila_data' or Vivado File->Import->Import ILA Data menu item to import the previously saved data.
save_wave_config {E:/Exercise/FPGA/v3edu/08_uart_ddr_hdmi/vivado/ddr3_hdmi.hw/hw_1/wave/hw_ila_data_2/hw_ila_data_2.wcfg}
save_wave_config {E:/Exercise/FPGA/v3edu/08_uart_ddr_hdmi/vivado/ddr3_hdmi.hw/hw_1/wave/hw_ila_data_1/hw_ila_data_1.wcfg}
close_hw
