#-----------------------------------------------------------
# Vivado v2018.2 (64-bit)
# SW Build 2258646 on Thu Jun 14 20:03:12 MDT 2018
# IP Build 2256618 on Thu Jun 14 22:10:49 MDT 2018
# Start of session at: Thu Oct 31 10:30:44 2019
# Process ID: 8556
# Current directory: E:/Exercise/Software/FPGA/V3-High/03_ddr_wr_ctrl/vivado
# Command line: vivado.exe -gui_launcher_event rodinguilauncherevent14184 E:\Exercise\Software\FPGA\V3-High\03_ddr_wr_ctrl\vivado\ddr3_hdmi.xpr
# Log file: E:/Exercise/Software/FPGA/V3-High/03_ddr_wr_ctrl/vivado/vivado.log
# Journal file: E:/Exercise/Software/FPGA/V3-High/03_ddr_wr_ctrl/vivado\vivado.jou
#-----------------------------------------------------------
start_gui
open_project E:/Exercise/Software/FPGA/V3-High/03_ddr_wr_ctrl/vivado/ddr3_hdmi.xpr
Scanning sources...
Finished scanning sources
INFO: [IP_Flow 19-234] Refreshing IP repositories
INFO: [IP_Flow 19-1704] No user IP repositories specified
INFO: [IP_Flow 19-2313] Loaded Vivado IP repository 'E:/Material/FPGA/Xilinx/Vivado/2018.2/data/ip'.
open_project: Time (s): cpu = 00:00:14 ; elapsed = 00:00:10 . Memory (MB): peak = 842.660 ; gain = 147.148
update_compile_order -fileset sources_1
launch_simulation -install_path E:/Material/FPGA/Modeltech64_10.7/win64
INFO: [Vivado 12-5698] Checking validity of IPs in the design for the 'ModelSim' simulator...
INFO: [Vivado 12-5682] Launching behavioral simulation in 'E:/Exercise/Software/FPGA/V3-High/03_ddr_wr_ctrl/vivado/ddr3_hdmi.sim/sim_1/behav/modelsim'
INFO: [Vivado 12-4795] Using compiled simulation libraries for IPs
INFO: [USF-ModelSim-47] Finding simulator installation...
INFO: [USF-ModelSim-50] Using simulator executables from 'E:/Material/FPGA/Modeltech64_10.7/win64/vsim.exe'
INFO: [SIM-utils-51] Simulation object is 'sim_1'
INFO: [USF-modelsim-7] Finding pre-compiled libraries...
INFO: [USF-modelsim-11] File 'E:/Material/FPGA/Xilinx/Xlib10.7/modelsim.ini' copied to run dir:'E:/Exercise/Software/FPGA/V3-High/03_ddr_wr_ctrl/vivado/ddr3_hdmi.sim/sim_1/behav/modelsim'
INFO: [SIM-utils-54] Inspecting design source files for 'tb_top_ddr3_hdmi' in fileset 'sim_1'...
INFO: [USF-ModelSim-107] Finding global include files...
INFO: [USF-ModelSim-108] Finding include directories and verilog header directory paths...
INFO: [USF-ModelSim-109] Fetching design files from 'sim_1'...
INFO: [USF-ModelSim-2] ModelSim::Compile design
INFO: [USF-ModelSim-15] Creating automatic 'do' files...
INFO: [USF-ModelSim-69] Executing 'COMPILE and ANALYZE' step in 'E:/Exercise/Software/FPGA/V3-High/03_ddr_wr_ctrl/vivado/ddr3_hdmi.sim/sim_1/behav/modelsim'
Reading E:/Material/FPGA/Modeltech64_10.7/tcl/vsim/pref.tcl

# 10.7

# do {tb_top_ddr3_hdmi_compile.do}
# ** Warning: (vlib-34) Library already exists at "modelsim_lib/work".
# ** Warning: (vlib-34) Library already exists at "modelsim_lib/msim".
# ** Warning: (vlib-34) Library already exists at "modelsim_lib/msim/xil_defaultlib".
# Model Technology ModelSim SE-64 vmap 10.7 Lib Mapping Utility 2017.12 Dec  7 2017
# vmap xil_defaultlib modelsim_lib/msim/xil_defaultlib 
# Modifying modelsim.ini
# ** Warning: (vlog-159) Mode option -64 is not supported in this context and will be ignored.
# Model Technology ModelSim SE-64 vlog 10.7 Compiler 2017.12 Dec  7 2017
# Start time: 10:31:55 on Oct 31,2019
# vlog -64 -incr -work xil_defaultlib "+incdir+../../../../ddr3_hdmi.srcs/sources_1/ip/ddr3_clk_gen" "+incdir+../../../../ddr3_hdmi.srcs/sim_1/new" ../../../../ddr3_hdmi.srcs/sources_1/ip/ddr3_ctrl/ddr3_ctrl/user_design/rtl/clocking/mig_7series_v4_1_clk_ibuf.v ../../../../ddr3_hdmi.srcs/sources_1/ip/ddr3_ctrl/ddr3_ctrl/user_design/rtl/clocking/mig_7series_v4_1_infrastructure.v ../../../../ddr3_hdmi.srcs/sources_1/ip/ddr3_ctrl/ddr3_ctrl/user_design/rtl/clocking/mig_7series_v4_1_iodelay_ctrl.v ../../../../ddr3_hdmi.srcs/sources_1/ip/ddr3_ctrl/ddr3_ctrl/user_design/rtl/clocking/mig_7series_v4_1_tempmon.v ../../../../ddr3_hdmi.srcs/sources_1/ip/ddr3_ctrl/ddr3_ctrl/user_design/rtl/controller/mig_7series_v4_1_arb_mux.v ../../../../ddr3_hdmi.srcs/sources_1/ip/ddr3_ctrl/ddr3_ctrl/user_design/rtl/controller/mig_7series_v4_1_arb_row_col.v ../../../../ddr3_hdmi.srcs/sources_1/ip/ddr3_ctrl/ddr3_ctrl/user_design/rtl/controller/mig_7series_v4_1_arb_select.v ../../../../ddr3_hdmi.srcs/sources_1/ip/ddr3_ctrl/ddr3_ctrl/user_design/rtl/controller/mig_7series_v4_1_bank_cntrl.v ../../../../ddr3_hdmi.srcs/sources_1/ip/ddr3_ctrl/ddr3_ctrl/user_design/rtl/controller/mig_7series_v4_1_bank_common.v ../../../../ddr3_hdmi.srcs/sources_1/ip/ddr3_ctrl/ddr3_ctrl/user_design/rtl/controller/mig_7series_v4_1_bank_compare.v ../../../../ddr3_hdmi.srcs/sources_1/ip/ddr3_ctrl/ddr3_ctrl/user_design/rtl/controller/mig_7series_v4_1_bank_mach.v ../../../../ddr3_hdmi.srcs/sources_1/ip/ddr3_ctrl/ddr3_ctrl/user_design/rtl/controller/mig_7series_v4_1_bank_queue.v ../../../../ddr3_hdmi.srcs/sources_1/ip/ddr3_ctrl/ddr3_ctrl/user_design/rtl/controller/mig_7series_v4_1_bank_state.v ../../../../ddr3_hdmi.srcs/sources_1/ip/ddr3_ctrl/ddr3_ctrl/user_design/rtl/controller/mig_7series_v4_1_col_mach.v ../../../../ddr3_hdmi.srcs/sources_1/ip/ddr3_ctrl/ddr3_ctrl/user_design/rtl/controller/mig_7series_v4_1_mc.v ../../../../ddr3_hdmi.srcs/sources_1/ip/ddr3_ctrl/ddr3_ctrl/user_design/rtl/controller/mig_7series_v4_1_rank_cntrl.v ../../../../ddr3_hdmi.srcs/sources_1/ip/ddr3_ctrl/ddr3_ctrl/user_design/rtl/controller/mig_7series_v4_1_rank_common.v ../../../../ddr3_hdmi.srcs/sources_1/ip/ddr3_ctrl/ddr3_ctrl/user_design/rtl/controller/mig_7series_v4_1_rank_mach.v ../../../../ddr3_hdmi.srcs/sources_1/ip/ddr3_ctrl/ddr3_ctrl/user_design/rtl/controller/mig_7series_v4_1_round_robin_arb.v ../../../../ddr3_hdmi.srcs/sources_1/ip/ddr3_ctrl/ddr3_ctrl/user_design/rtl/ecc/mig_7series_v4_1_ecc_buf.v ../../../../ddr3_hdmi.srcs/sources_1/ip/ddr3_ctrl/ddr3_ctrl/user_design/rtl/ecc/mig_7series_v4_1_ecc_dec_fix.v ../../../../ddr3_hdmi.srcs/sources_1/ip/ddr3_ctrl/ddr3_ctrl/user_design/rtl/ecc/mig_7series_v4_1_ecc_gen.v ../../../../ddr3_hdmi.srcs/sources_1/ip/ddr3_ctrl/ddr3_ctrl/user_design/rtl/ecc/mig_7series_v4_1_ecc_merge_enc.v ../../../../ddr3_hdmi.srcs/sources_1/ip/ddr3_ctrl/ddr3_ctrl/user_design/rtl/ecc/mig_7series_v4_1_fi_xor.v ../../../../ddr3_hdmi.srcs/sources_1/ip/ddr3_ctrl/ddr3_ctrl/user_design/rtl/ip_top/mig_7series_v4_1_memc_ui_top_std.v ../../../../ddr3_hdmi.srcs/sources_1/ip/ddr3_ctrl/ddr3_ctrl/user_design/rtl/ip_top/mig_7series_v4_1_mem_intfc.v ../../../../ddr3_hdmi.srcs/sources_1/ip/ddr3_ctrl/ddr3_ctrl/user_design/rtl/phy/mig_7series_v4_1_ddr_byte_group_io.v ../../../../ddr3_hdmi.srcs/sources_1/ip/ddr3_ctrl/ddr3_ctrl/user_design/rtl/phy/mig_7series_v4_1_ddr_byte_lane.v ../../../../ddr3_hdmi.srcs/sources_1/ip/ddr3_ctrl/ddr3_ctrl/user_design/rtl/phy/mig_7series_v4_1_ddr_calib_top.v ../../../../ddr3_hdmi.srcs/sources_1/ip/ddr3_ctrl/ddr3_ctrl/user_design/rtl/phy/mig_7series_v4_1_ddr_if_post_fifo.v ../../../../ddr3_hdmi.srcs/sources_1/ip/ddr3_ctrl/ddr3_ctrl/user_design/rtl/phy/mig_7series_v4_1_ddr_mc_phy.v ../../../../ddr3_hdmi.srcs/sources_1/ip/ddr3_ctrl/ddr3_ctrl/user_design/rtl/phy/mig_7series_v4_1_ddr_mc_phy_wrapper.v ../../../../ddr3_hdmi.srcs/sources_1/ip/ddr3_ctrl/ddr3_ctrl/user_design/rtl/phy/mig_7series_v4_1_ddr_of_pre_fifo.v ../../../../ddr3_hdmi.srcs/sources_1/ip/ddr3_ctrl/ddr3_ctrl/user_design/rtl/phy/mig_7series_v4_1_ddr_phy_4lanes.v ../../../../ddr3_hdmi.srcs/sources_1/ip/ddr3_ctrl/ddr3_ctrl/user_design/rtl/phy/mig_7series_v4_1_ddr_phy_ck_addr_cmd_delay.v ../../../../ddr3_hdmi.srcs/sources_1/ip/ddr3_ctrl/ddr3_ctrl/user_design/rtl/phy/mig_7series_v4_1_ddr_phy_dqs_found_cal.v ../../../../ddr3_hdmi.srcs/sources_1/ip/ddr3_ctrl/ddr3_ctrl/user_design/rtl/phy/mig_7series_v4_1_ddr_phy_dqs_found_cal_hr.v ../../../../ddr3_hdmi.srcs/sources_1/ip/ddr3_ctrl/ddr3_ctrl/user_design/rtl/phy/mig_7series_v4_1_ddr_phy_init.v ../../../../ddr3_hdmi.srcs/sources_1/ip/ddr3_ctrl/ddr3_ctrl/user_design/rtl/phy/mig_7series_v4_1_ddr_phy_ocd_cntlr.v ../../../../ddr3_hdmi.srcs/sources_1/ip/ddr3_ctrl/ddr3_ctrl/user_design/rtl/phy/mig_7series_v4_1_ddr_phy_ocd_data.v ../../../../ddr3_hdmi.srcs/sources_1/ip/ddr3_ctrl/ddr3_ctrl/user_design/rtl/phy/mig_7series_v4_1_ddr_phy_ocd_edge.v ../../../../ddr3_hdmi.srcs/sources_1/ip/ddr3_ctrl/ddr3_ctrl/user_design/rtl/phy/mig_7series_v4_1_ddr_phy_ocd_lim.v ../../../../ddr3_hdmi.srcs/sources_1/ip/ddr3_ctrl/ddr3_ctrl/user_design/rtl/phy/mig_7series_v4_1_ddr_phy_ocd_mux.v ../../../../ddr3_hdmi.srcs/sources_1/ip/ddr3_ctrl/ddr3_ctrl/user_design/rtl/phy/mig_7series_v4_1_ddr_phy_ocd_po_cntlr.v ../../../../ddr3_hdmi.srcs/sources_1/ip/ddr3_ctrl/ddr3_ctrl/user_design/rtl/phy/mig_7series_v4_1_ddr_phy_ocd_samp.v ../../../../ddr3_hdmi.srcs/sources_1/ip/ddr3_ctrl/ddr3_ctrl/user_design/rtl/phy/mig_7series_v4_1_ddr_phy_oclkdelay_cal.v ../../../../ddr3_hdmi.srcs/sources_1/ip/ddr3_ctrl/ddr3_ctrl/user_design/rtl/phy/mig_7series_v4_1_ddr_phy_prbs_rdlvl.v ../../../../ddr3_hdmi.srcs/sources_1/ip/ddr3_ctrl/ddr3_ctrl/user_design/rtl/phy/mig_7series_v4_1_ddr_phy_rdlvl.v ../../../../ddr3_hdmi.srcs/sources_1/ip/ddr3_ctrl/ddr3_ctrl/user_design/rtl/phy/mig_7series_v4_1_ddr_phy_tempmon.v ../../../../ddr3_hdmi.srcs/sources_1/ip/ddr3_ctrl/ddr3_ctrl/user_design/rtl/phy/mig_7series_v4_1_ddr_phy_top.v ../../../../ddr3_hdmi.srcs/sources_1/ip/ddr3_ctrl/ddr3_ctrl/user_design/rtl/phy/mig_7series_v4_1_ddr_phy_wrcal.v ../../../../ddr3_hdmi.srcs/sources_1/ip/ddr3_ctrl/ddr3_ctrl/user_design/rtl/phy/mig_7series_v4_1_ddr_phy_wrlvl.v ../../../../ddr3_hdmi.srcs/sources_1/ip/ddr3_ctrl/ddr3_ctrl/user_design/rtl/phy/mig_7series_v4_1_ddr_phy_wrlvl_off_delay.v ../../../../ddr3_hdmi.srcs/sources_1/ip/ddr3_ctrl/ddr3_ctrl/user_design/rtl/phy/mig_7series_v4_1_ddr_prbs_gen.v ../../../../ddr3_hdmi.srcs/sources_1/ip/ddr3_ctrl/ddr3_ctrl/user_design/rtl/phy/mig_7series_v4_1_ddr_skip_calib_tap.v ../../../../ddr3_hdmi.srcs/sources_1/ip/ddr3_ctrl/ddr3_ctrl/user_design/rtl/phy/mig_7series_v4_1_poc_cc.v ../../../../ddr3_hdmi.srcs/sources_1/ip/ddr3_ctrl/ddr3_ctrl/user_design/rtl/phy/mig_7series_v4_1_poc_edge_store.v ../../../../ddr3_hdmi.srcs/sources_1/ip/ddr3_ctrl/ddr3_ctrl/user_design/rtl/phy/mig_7series_v4_1_poc_meta.v ../../../../ddr3_hdmi.srcs/sources_1/ip/ddr3_ctrl/ddr3_ctrl/user_design/rtl/phy/mig_7series_v4_1_poc_pd.v ../../../../ddr3_hdmi.srcs/sources_1/ip/ddr3_ctrl/ddr3_ctrl/user_design/rtl/phy/mig_7series_v4_1_poc_tap_base.v ../../../../ddr3_hdmi.srcs/sources_1/ip/ddr3_ctrl/ddr3_ctrl/user_design/rtl/phy/mig_7series_v4_1_poc_top.v ../../../../ddr3_hdmi.srcs/sources_1/ip/ddr3_ctrl/ddr3_ctrl/user_design/rtl/ui/mig_7series_v4_1_ui_cmd.v ../../../../ddr3_hdmi.srcs/sources_1/ip/ddr3_ctrl/ddr3_ctrl/user_design/rtl/ui/mig_7series_v4_1_ui_rd_data.v ../../../../ddr3_hdmi.srcs/sources_1/ip/ddr3_ctrl/ddr3_ctrl/user_design/rtl/ui/mig_7series_v4_1_ui_top.v ../../../../ddr3_hdmi.srcs/sources_1/ip/ddr3_ctrl/ddr3_ctrl/user_design/rtl/ui/mig_7series_v4_1_ui_wr_data.v ../../../../ddr3_hdmi.srcs/sources_1/ip/ddr3_ctrl/ddr3_ctrl/user_design/rtl/ddr3_ctrl_mig_sim.v ../../../../ddr3_hdmi.srcs/sources_1/ip/ddr3_ctrl/ddr3_ctrl/user_design/rtl/ddr3_ctrl.v ../../../../ddr3_hdmi.srcs/sources_1/ip/ddr3_clk_gen/ddr3_clk_gen_clk_wiz.v ../../../../ddr3_hdmi.srcs/sources_1/ip/ddr3_clk_gen/ddr3_clk_gen.v ../../../../ddr3_hdmi.srcs/sources_1/new/a7_ddr3_wr_ctrl.v ../../../../ddr3_hdmi.srcs/sources_1/new/top_ddr3_hdmi.v 
# -- Skipping module mig_7series_v4_1_clk_ibuf
# -- Skipping module mig_7series_v4_1_infrastructure
# -- Skipping module mig_7series_v4_1_iodelay_ctrl
# -- Skipping module mig_7series_v4_1_tempmon
# -- Skipping module mig_7series_v4_1_arb_mux
# -- Skipping module mig_7series_v4_1_arb_row_col
# -- Skipping module mig_7series_v4_1_arb_select
# -- Skipping module mig_7series_v4_1_bank_cntrl
# -- Skipping module mig_7series_v4_1_bank_common
# -- Skipping module mig_7series_v4_1_bank_compare
# -- Skipping module mig_7series_v4_1_bank_mach
# -- Skipping module mig_7series_v4_1_bank_queue
# -- Skipping module mig_7series_v4_1_bank_state
# -- Skipping module mig_7series_v4_1_col_mach
# -- Skipping module mig_7series_v4_1_mc
# -- Skipping module mig_7series_v4_1_rank_cntrl
# -- Skipping module mig_7series_v4_1_rank_common
# -- Skipping module mig_7series_v4_1_rank_mach
# -- Skipping module mig_7series_v4_1_round_robin_arb
# -- Skipping module mig_7series_v4_1_ecc_buf
# -- Skipping module mig_7series_v4_1_ecc_dec_fix
# -- Skipping module mig_7series_v4_1_ecc_gen
# -- Skipping module mig_7series_v4_1_ecc_merge_enc
# -- Skipping module mig_7series_v4_1_fi_xor
# -- Skipping module mig_7series_v4_1_memc_ui_top_std
# -- Skipping module mig_7series_v4_1_mem_intfc
# -- Skipping module mig_7series_v4_1_ddr_byte_group_io
# -- Skipping module mig_7series_v4_1_ddr_byte_lane
# -- Skipping module mig_7series_v4_1_ddr_calib_top
# -- Skipping module mig_7series_v4_1_ddr_if_post_fifo
# -- Skipping module mig_7series_v4_1_ddr_mc_phy
# -- Skipping module mig_7series_v4_1_ddr_mc_phy_wrapper
# -- Skipping module mig_7series_v4_1_ddr_of_pre_fifo
# -- Skipping module mig_7series_v4_1_ddr_phy_4lanes
# -- Skipping module mig_7series_v4_1_ddr_phy_ck_addr_cmd_delay
# -- Skipping module mig_7series_v4_1_ddr_phy_dqs_found_cal
# -- Skipping module mig_7series_v4_1_ddr_phy_dqs_found_cal_hr
# -- Skipping module mig_7series_v4_1_ddr_phy_init
# -- Skipping module mig_7series_v4_1_ddr_phy_ocd_cntlr
# -- Skipping module mig_7series_v4_1_ddr_phy_ocd_data
# -- Skipping module mig_7series_v4_1_ddr_phy_ocd_edge
# -- Skipping module mig_7series_v4_1_ddr_phy_ocd_lim
# -- Skipping module mig_7series_v4_1_ddr_phy_ocd_mux
# -- Skipping module mig_7series_v4_1_ddr_phy_ocd_po_cntlr
# -- Skipping module mig_7series_v4_1_ddr_phy_ocd_samp
# -- Skipping module mig_7series_v4_1_ddr_phy_oclkdelay_cal
# -- Skipping module mig_7series_v4_1_ddr_phy_prbs_rdlvl
# -- Skipping module mig_7series_v4_1_ddr_phy_rdlvl
# -- Skipping module mig_7series_v4_1_ddr_phy_tempmon
# -- Skipping module mig_7series_v4_1_ddr_phy_top
# -- Skipping module mig_7series_v4_1_ddr_phy_wrcal
# -- Skipping module mig_7series_v4_1_ddr_phy_wrlvl
# -- Skipping module mig_7series_v4_1_ddr_phy_wrlvl_off_delay
# -- Skipping module mig_7series_v4_1_ddr_prbs_gen
# -- Skipping module mig_7series_v4_1_ddr_skip_calib_tap
# -- Skipping module mig_7series_v4_1_poc_cc
# -- Skipping module mig_7series_v4_1_poc_edge_store
# -- Skipping module mig_7series_v4_1_poc_meta
# -- Skipping module mig_7series_v4_1_poc_pd
# -- Skipping module mig_7series_v4_1_poc_tap_base
# -- Skipping module mig_7series_v4_1_poc_top
# -- Skipping module mig_7series_v4_1_ui_cmd
# -- Skipping module mig_7series_v4_1_ui_rd_data
# -- Skipping module mig_7series_v4_1_ui_top
# -- Skipping module mig_7series_v4_1_ui_wr_data
# -- Skipping module ddr3_ctrl_mig
# -- Skipping module ddr3_ctrl
# -- Skipping module ddr3_clk_gen_clk_wiz
# -- Skipping module ddr3_clk_gen
# -- Skipping module a7_ddr3_wr_ctrl
# -- Skipping module top_ddr3_hdmi
# 
# Top level modules:
# 	top_ddr3_hdmi
# End time: 10:31:56 on Oct 31,2019, Elapsed time: 0:00:01
# Errors: 0, Warnings: 1
# ** Warning: (vlog-159) Mode option -64 is not supported in this context and will be ignored.
# Model Technology ModelSim SE-64 vlog 10.7 Compiler 2017.12 Dec  7 2017
# Start time: 10:31:56 on Oct 31,2019
# vlog -64 -incr -sv -work xil_defaultlib "+incdir+../../../../ddr3_hdmi.srcs/sources_1/ip/ddr3_clk_gen" "+incdir+../../../../ddr3_hdmi.srcs/sim_1/new" ../../../../ddr3_hdmi.srcs/sim_1/new/ddr3_model.sv 
# -- Skipping module ddr3_model
# 
# Top level modules:
# 	ddr3_model
# End time: 10:31:57 on Oct 31,2019, Elapsed time: 0:00:01
# Errors: 0, Warnings: 1
# ** Warning: (vlog-159) Mode option -64 is not supported in this context and will be ignored.
# Model Technology ModelSim SE-64 vlog 10.7 Compiler 2017.12 Dec  7 2017
# Start time: 10:31:57 on Oct 31,2019
# vlog -64 -incr -work xil_defaultlib "+incdir+../../../../ddr3_hdmi.srcs/sources_1/ip/ddr3_clk_gen" "+incdir+../../../../ddr3_hdmi.srcs/sim_1/new" ../../../../ddr3_hdmi.srcs/sim_1/new/tb_top_ddr3_hdmi.v 
# -- Skipping module tb_top_ddr3_hdmi
# 
# Top level modules:
# 	tb_top_ddr3_hdmi
# End time: 10:31:57 on Oct 31,2019, Elapsed time: 0:00:00
# Errors: 0, Warnings: 1
# Model Technology ModelSim SE-64 vlog 10.7 Compiler 2017.12 Dec  7 2017
# Start time: 10:31:57 on Oct 31,2019
# vlog -work xil_defaultlib glbl.v 
# -- Compiling module glbl
# 
# Top level modules:
# 	glbl
# End time: 10:31:57 on Oct 31,2019, Elapsed time: 0:00:00
# Errors: 0, Warnings: 0
INFO: [USF-ModelSim-69] 'compile' step finished in '4' seconds
INFO: [USF-ModelSim-4] ModelSim::Simulate design
INFO: [USF-ModelSim-69] Executing 'SIMULATE' step in 'E:/Exercise/Software/FPGA/V3-High/03_ddr_wr_ctrl/vivado/ddr3_hdmi.sim/sim_1/behav/modelsim'
Program launched (PID=6140)
launch_simulation: Time (s): cpu = 00:00:03 ; elapsed = 00:00:07 . Memory (MB): peak = 873.418 ; gain = 0.000
exit
INFO: [Common 17-206] Exiting Vivado at Thu Oct 31 10:39:58 2019...
