#-----------------------------------------------------------
# Vivado v2018.2 (64-bit)
# SW Build 2258646 on Thu Jun 14 20:03:12 MDT 2018
# IP Build 2256618 on Thu Jun 14 22:10:49 MDT 2018
# Start of session at: Sat Feb  8 20:53:59 2020
# Process ID: 12240
# Current directory: E:/Exercise/FPGA/v3edu/10_rx_filter_crc/vivado/Gige_HDMI
# Command line: vivado.exe -gui_launcher_event rodinguilauncherevent13852 E:\Exercise\FPGA\v3edu\10_rx_filter_crc\vivado\Gige_HDMI\Gige_HDMI.xpr
# Log file: E:/Exercise/FPGA/v3edu/10_rx_filter_crc/vivado/Gige_HDMI/vivado.log
# Journal file: E:/Exercise/FPGA/v3edu/10_rx_filter_crc/vivado/Gige_HDMI\vivado.jou
#-----------------------------------------------------------
start_gui
open_project E:/Exercise/FPGA/v3edu/10_rx_filter_crc/vivado/Gige_HDMI/Gige_HDMI.xpr
INFO: [Project 1-313] Project file moved from 'E:/Exercise/FPGA/v3edu/09_Gige_HDMI/vivado/Gige_HDMI' since last save.
Scanning sources...
Finished scanning sources
INFO: [IP_Flow 19-234] Refreshing IP repositories
INFO: [IP_Flow 19-1704] No user IP repositories specified
INFO: [IP_Flow 19-2313] Loaded Vivado IP repository 'D:/ProgramData/Xilinx/Vivado/2018.2/data/ip'.
open_project: Time (s): cpu = 00:00:18 ; elapsed = 00:00:09 . Memory (MB): peak = 866.070 ; gain = 165.406
update_compile_order -fileset sources_1
open_hw
connect_hw_server
INFO: [Labtools 27-2285] Connecting to hw_server url TCP:localhost:3121
INFO: [Labtools 27-2222] Launching hw_server...
INFO: [Labtools 27-2221] Launch Output:

****** Xilinx hw_server v2018.2
  **** Build date : Jun 14 2018-20:42:52
    ** Copyright 1986-2018 Xilinx, Inc. All Rights Reserved.


open_hw_target
INFO: [Labtoolstcl 44-466] Opening hw_target localhost:3121/xilinx_tcf/Digilent/210203368853A
set_property PROGRAM.FILE {E:/Exercise/FPGA/v3edu/10_rx_filter_crc/vivado/Gige_HDMI/Gige_HDMI.runs/impl_1/top_gige_hdmi.bit} [get_hw_devices xc7a75t_0]
set_property PROBES.FILE {E:/Exercise/FPGA/v3edu/10_rx_filter_crc/vivado/Gige_HDMI/Gige_HDMI.runs/impl_1/top_gige_hdmi.ltx} [get_hw_devices xc7a75t_0]
set_property FULL_PROBES.FILE {E:/Exercise/FPGA/v3edu/10_rx_filter_crc/vivado/Gige_HDMI/Gige_HDMI.runs/impl_1/top_gige_hdmi.ltx} [get_hw_devices xc7a75t_0]
current_hw_device [get_hw_devices xc7a75t_0]
refresh_hw_device [lindex [get_hw_devices xc7a75t_0] 0]
INFO: [Labtools 27-1435] Device xc7a75t (JTAG device index = 0) is not programmed (DONE status = 0).
set_property PROBES.FILE {E:/Exercise/FPGA/v3edu/10_rx_filter_crc/vivado/Gige_HDMI/Gige_HDMI.runs/impl_1/top_gige_hdmi.ltx} [get_hw_devices xc7a75t_0]
set_property FULL_PROBES.FILE {E:/Exercise/FPGA/v3edu/10_rx_filter_crc/vivado/Gige_HDMI/Gige_HDMI.runs/impl_1/top_gige_hdmi.ltx} [get_hw_devices xc7a75t_0]
set_property PROGRAM.FILE {E:/Exercise/FPGA/v3edu/10_rx_filter_crc/vivado/Gige_HDMI/Gige_HDMI.runs/impl_1/top_gige_hdmi.bit} [get_hw_devices xc7a75t_0]
program_hw_devices [get_hw_devices xc7a75t_0]
INFO: [Labtools 27-3164] End of startup status: HIGH
refresh_hw_device [lindex [get_hw_devices xc7a75t_0] 0]
INFO: [Labtools 27-2302] Device xc7a75t (JTAG device index = 0) is programmed with a design that has 1 ILA core(s).
display_hw_ila_data [ get_hw_ila_data hw_ila_data_1 -of_objects [get_hw_ilas -of_objects [get_hw_devices xc7a75t_0] -filter {CELL_NAME=~"inst_ila_top"}]]
INFO: [Labtools 27-3304] ILA Waveform data saved to file E:/Exercise/FPGA/v3edu/10_rx_filter_crc/vivado/Gige_HDMI/Gige_HDMI.hw/backup/hw_ila_data_1.ila. Use Tcl command 'read_hw_ila_data' or Vivado File->Import->Import ILA Data menu item to import the previously saved data.
run_hw_ila [get_hw_ilas -of_objects [get_hw_devices xc7a75t_0] -filter {CELL_NAME=~"inst_ila_top"}]
INFO: [Labtools 27-1964] The ILA core 'hw_ila_1' trigger was armed at 2020-Feb-08 21:00:58
wait_on_hw_ila [get_hw_ilas -of_objects [get_hw_devices xc7a75t_0] -filter {CELL_NAME=~"inst_ila_top"}]
display_hw_ila_data [upload_hw_ila_data [get_hw_ilas -of_objects [get_hw_devices xc7a75t_0] -filter {CELL_NAME=~"inst_ila_top"}]]
INFO: [Labtools 27-1966] The ILA core 'hw_ila_1' triggered at 2020-Feb-08 21:01:02
INFO: [Labtools 27-3304] ILA Waveform data saved to file E:/Exercise/FPGA/v3edu/10_rx_filter_crc/vivado/Gige_HDMI/Gige_HDMI.hw/backup/hw_ila_data_1.ila. Use Tcl command 'read_hw_ila_data' or Vivado File->Import->Import ILA Data menu item to import the previously saved data.
run_hw_ila [get_hw_ilas -of_objects [get_hw_devices xc7a75t_0] -filter {CELL_NAME=~"inst_ila_top"}]
INFO: [Labtools 27-1964] The ILA core 'hw_ila_1' trigger was armed at 2020-Feb-08 21:01:27
wait_on_hw_ila [get_hw_ilas -of_objects [get_hw_devices xc7a75t_0] -filter {CELL_NAME=~"inst_ila_top"}]
display_hw_ila_data [upload_hw_ila_data [get_hw_ilas -of_objects [get_hw_devices xc7a75t_0] -filter {CELL_NAME=~"inst_ila_top"}]]
INFO: [Labtools 27-1966] The ILA core 'hw_ila_1' triggered at 2020-Feb-08 21:01:29
INFO: [Labtools 27-3304] ILA Waveform data saved to file E:/Exercise/FPGA/v3edu/10_rx_filter_crc/vivado/Gige_HDMI/Gige_HDMI.hw/backup/hw_ila_data_1.ila. Use Tcl command 'read_hw_ila_data' or Vivado File->Import->Import ILA Data menu item to import the previously saved data.
run_hw_ila [get_hw_ilas -of_objects [get_hw_devices xc7a75t_0] -filter {CELL_NAME=~"inst_ila_top"}]
INFO: [Labtools 27-1964] The ILA core 'hw_ila_1' trigger was armed at 2020-Feb-08 21:07:37
wait_on_hw_ila [get_hw_ilas -of_objects [get_hw_devices xc7a75t_0] -filter {CELL_NAME=~"inst_ila_top"}]
display_hw_ila_data [upload_hw_ila_data [get_hw_ilas -of_objects [get_hw_devices xc7a75t_0] -filter {CELL_NAME=~"inst_ila_top"}]]
INFO: [Labtools 27-1966] The ILA core 'hw_ila_1' triggered at 2020-Feb-08 21:07:38
INFO: [Labtools 27-3304] ILA Waveform data saved to file E:/Exercise/FPGA/v3edu/10_rx_filter_crc/vivado/Gige_HDMI/Gige_HDMI.hw/backup/hw_ila_data_1.ila. Use Tcl command 'read_hw_ila_data' or Vivado File->Import->Import ILA Data menu item to import the previously saved data.
save_wave_config {E:/Exercise/FPGA/v3edu/10_rx_filter_crc/vivado/Gige_HDMI/Gige_HDMI.hw/hw_1/wave/hw_ila_data_1/hw_ila_data_1.wcfg}
close_hw
add_files -norecurse E:/Exercise/FPGA/v3edu/10_rx_filter_crc/vivado/Gige_HDMI/Gige_HDMI.srcs/sources_1/new/crc32_d8_rec_02.v
update_compile_order -fileset sources_1
update_compile_order -fileset sources_1
reset_run synth_1
WARNING: [Vivado 12-1017] Problems encountered:
1. Failed to delete one or more files in run directory E:/Exercise/FPGA/v3edu/10_rx_filter_crc/vivado/Gige_HDMI/Gige_HDMI.runs/synth_1

launch_runs impl_1 -to_step write_bitstream -jobs 12
[Sat Feb  8 21:24:01 2020] Launched synth_1...
Run output will be captured here: E:/Exercise/FPGA/v3edu/10_rx_filter_crc/vivado/Gige_HDMI/Gige_HDMI.runs/synth_1/runme.log
[Sat Feb  8 21:24:01 2020] Launched impl_1...
Run output will be captured here: E:/Exercise/FPGA/v3edu/10_rx_filter_crc/vivado/Gige_HDMI/Gige_HDMI.runs/impl_1/runme.log
open_hw
connect_hw_server
INFO: [Labtools 27-2285] Connecting to hw_server url TCP:localhost:3121
INFO: [Labtools 27-2222] Launching hw_server...
INFO: [Labtools 27-2221] Launch Output:

****** Xilinx hw_server v2018.2
  **** Build date : Jun 14 2018-20:42:52
    ** Copyright 1986-2018 Xilinx, Inc. All Rights Reserved.


open_hw_target
INFO: [Labtoolstcl 44-466] Opening hw_target localhost:3121/xilinx_tcf/Digilent/210203368853A
set_property PROGRAM.FILE {E:/Exercise/FPGA/v3edu/10_rx_filter_crc/vivado/Gige_HDMI/Gige_HDMI.runs/impl_1/top_gige_hdmi.bit} [get_hw_devices xc7a75t_0]
set_property PROBES.FILE {E:/Exercise/FPGA/v3edu/10_rx_filter_crc/vivado/Gige_HDMI/Gige_HDMI.runs/impl_1/top_gige_hdmi.ltx} [get_hw_devices xc7a75t_0]
set_property FULL_PROBES.FILE {E:/Exercise/FPGA/v3edu/10_rx_filter_crc/vivado/Gige_HDMI/Gige_HDMI.runs/impl_1/top_gige_hdmi.ltx} [get_hw_devices xc7a75t_0]
current_hw_device [get_hw_devices xc7a75t_0]
refresh_hw_device [lindex [get_hw_devices xc7a75t_0] 0]
INFO: [Labtools 27-1435] Device xc7a75t (JTAG device index = 0) is not programmed (DONE status = 0).
set_property PROBES.FILE {E:/Exercise/FPGA/v3edu/10_rx_filter_crc/vivado/Gige_HDMI/Gige_HDMI.runs/impl_1/top_gige_hdmi.ltx} [get_hw_devices xc7a75t_0]
set_property FULL_PROBES.FILE {E:/Exercise/FPGA/v3edu/10_rx_filter_crc/vivado/Gige_HDMI/Gige_HDMI.runs/impl_1/top_gige_hdmi.ltx} [get_hw_devices xc7a75t_0]
set_property PROGRAM.FILE {E:/Exercise/FPGA/v3edu/10_rx_filter_crc/vivado/Gige_HDMI/Gige_HDMI.runs/impl_1/top_gige_hdmi.bit} [get_hw_devices xc7a75t_0]
program_hw_devices [get_hw_devices xc7a75t_0]
INFO: [Labtools 27-3164] End of startup status: HIGH
refresh_hw_device [lindex [get_hw_devices xc7a75t_0] 0]
ERROR: [Xicom 50-38] xicom: Device:0, user chain number:1, slave index:0. Reading intermittently wrong data from core. Try slower target speed. Make sure design meets timing requirements.
ERROR: [Xicom 50-38] xicom: Device:0, user chain number:1, slave index:0, is not a valid CseXsdb Slave core.
ERROR: [Labtools 27-3176] hw_server failed during internal command.
Resolution: Check that the hw_server is running and the hardware connectivity to the target
refresh_hw_device [lindex [get_hw_devices xc7a75t_0] 0]
INFO: [Labtools 27-2302] Device xc7a75t (JTAG device index = 0) is programmed with a design that has 1 ILA core(s).
display_hw_ila_data [ get_hw_ila_data hw_ila_data_1 -of_objects [get_hw_ilas -of_objects [get_hw_devices xc7a75t_0] -filter {CELL_NAME=~"inst_ila_top"}]]
INFO: [Labtools 27-3304] ILA Waveform data saved to file E:/Exercise/FPGA/v3edu/10_rx_filter_crc/vivado/Gige_HDMI/Gige_HDMI.hw/backup/hw_ila_data_1.ila. Use Tcl command 'read_hw_ila_data' or Vivado File->Import->Import ILA Data menu item to import the previously saved data.
run_hw_ila [get_hw_ilas -of_objects [get_hw_devices xc7a75t_0] -filter {CELL_NAME=~"inst_ila_top"}]
INFO: [Labtools 27-1964] The ILA core 'hw_ila_1' trigger was armed at 2020-Feb-08 21:28:59
wait_on_hw_ila [get_hw_ilas -of_objects [get_hw_devices xc7a75t_0] -filter {CELL_NAME=~"inst_ila_top"}]
display_hw_ila_data [upload_hw_ila_data [get_hw_ilas -of_objects [get_hw_devices xc7a75t_0] -filter {CELL_NAME=~"inst_ila_top"}]]
INFO: [Labtools 27-1966] The ILA core 'hw_ila_1' triggered at 2020-Feb-08 21:29:02
INFO: [Labtools 27-3304] ILA Waveform data saved to file E:/Exercise/FPGA/v3edu/10_rx_filter_crc/vivado/Gige_HDMI/Gige_HDMI.hw/backup/hw_ila_data_1.ila. Use Tcl command 'read_hw_ila_data' or Vivado File->Import->Import ILA Data menu item to import the previously saved data.
run_hw_ila [get_hw_ilas -of_objects [get_hw_devices xc7a75t_0] -filter {CELL_NAME=~"inst_ila_top"}]
INFO: [Labtools 27-1964] The ILA core 'hw_ila_1' trigger was armed at 2020-Feb-08 21:29:05
wait_on_hw_ila [get_hw_ilas -of_objects [get_hw_devices xc7a75t_0] -filter {CELL_NAME=~"inst_ila_top"}]
display_hw_ila_data [upload_hw_ila_data [get_hw_ilas -of_objects [get_hw_devices xc7a75t_0] -filter {CELL_NAME=~"inst_ila_top"}]]
INFO: [Labtools 27-1966] The ILA core 'hw_ila_1' triggered at 2020-Feb-08 21:29:06
INFO: [Labtools 27-3304] ILA Waveform data saved to file E:/Exercise/FPGA/v3edu/10_rx_filter_crc/vivado/Gige_HDMI/Gige_HDMI.hw/backup/hw_ila_data_1.ila. Use Tcl command 'read_hw_ila_data' or Vivado File->Import->Import ILA Data menu item to import the previously saved data.
run_hw_ila [get_hw_ilas -of_objects [get_hw_devices xc7a75t_0] -filter {CELL_NAME=~"inst_ila_top"}]
INFO: [Labtools 27-1964] The ILA core 'hw_ila_1' trigger was armed at 2020-Feb-08 21:29:07
wait_on_hw_ila [get_hw_ilas -of_objects [get_hw_devices xc7a75t_0] -filter {CELL_NAME=~"inst_ila_top"}]
display_hw_ila_data [upload_hw_ila_data [get_hw_ilas -of_objects [get_hw_devices xc7a75t_0] -filter {CELL_NAME=~"inst_ila_top"}]]
INFO: [Labtools 27-1966] The ILA core 'hw_ila_1' triggered at 2020-Feb-08 21:29:10
INFO: [Labtools 27-3304] ILA Waveform data saved to file E:/Exercise/FPGA/v3edu/10_rx_filter_crc/vivado/Gige_HDMI/Gige_HDMI.hw/backup/hw_ila_data_1.ila. Use Tcl command 'read_hw_ila_data' or Vivado File->Import->Import ILA Data menu item to import the previously saved data.
ERROR: [Labtoolstcl 44-513] HW Target shutdown. Closing target: localhost:3121/xilinx_tcf/Digilent/210203368853A
close_hw
open_hw
connect_hw_server
INFO: [Labtools 27-2285] Connecting to hw_server url TCP:localhost:3121
open_hw_target
INFO: [Labtoolstcl 44-466] Opening hw_target localhost:3121/xilinx_tcf/Digilent/210203368853A
ERROR: [Labtools 27-2269] No devices detected on target localhost:3121/xilinx_tcf/Digilent/210203368853A.
Check cable connectivity and that the target board is powered up then
use the disconnect_hw_server and connect_hw_server to re-register this hardware target.
ERROR: [Common 17-39] 'open_hw_target' failed due to earlier errors.
set_property PROBES.FILE {E:/Exercise/FPGA/v3edu/10_rx_filter_crc/vivado/Gige_HDMI/Gige_HDMI.runs/impl_1/top_gige_hdmi.ltx} [get_hw_devices xc7a75t_0]
set_property FULL_PROBES.FILE {E:/Exercise/FPGA/v3edu/10_rx_filter_crc/vivado/Gige_HDMI/Gige_HDMI.runs/impl_1/top_gige_hdmi.ltx} [get_hw_devices xc7a75t_0]
set_property PROGRAM.FILE {E:/Exercise/FPGA/v3edu/10_rx_filter_crc/vivado/Gige_HDMI/Gige_HDMI.runs/impl_1/top_gige_hdmi.bit} [get_hw_devices xc7a75t_0]
program_hw_devices [get_hw_devices xc7a75t_0]
INFO: [Labtools 27-3164] End of startup status: HIGH
refresh_hw_device [lindex [get_hw_devices xc7a75t_0] 0]
INFO: [Labtools 27-2302] Device xc7a75t (JTAG device index = 0) is programmed with a design that has 1 ILA core(s).
display_hw_ila_data [ get_hw_ila_data hw_ila_data_1 -of_objects [get_hw_ilas -of_objects [get_hw_devices xc7a75t_0] -filter {CELL_NAME=~"inst_ila_top"}]]
INFO: [Labtools 27-3304] ILA Waveform data saved to file E:/Exercise/FPGA/v3edu/10_rx_filter_crc/vivado/Gige_HDMI/Gige_HDMI.hw/backup/hw_ila_data_1.ila. Use Tcl command 'read_hw_ila_data' or Vivado File->Import->Import ILA Data menu item to import the previously saved data.
add_wave -into {hw_ila_data_1.wcfg} -radix hex { {crc32_cal_end} {crc32_error} {rx_data} {rx_en} }
add_wave -into {hw_ila_data_1.wcfg} -radix hex { {crc32_cal_end} {crc32_error} {rx_data} {rx_en} }
run_hw_ila [get_hw_ilas -of_objects [get_hw_devices xc7a75t_0] -filter {CELL_NAME=~"inst_ila_top"}]
INFO: [Labtools 27-1964] The ILA core 'hw_ila_1' trigger was armed at 2020-Feb-08 21:30:20
wait_on_hw_ila [get_hw_ilas -of_objects [get_hw_devices xc7a75t_0] -filter {CELL_NAME=~"inst_ila_top"}]
display_hw_ila_data [upload_hw_ila_data [get_hw_ilas -of_objects [get_hw_devices xc7a75t_0] -filter {CELL_NAME=~"inst_ila_top"}]]
INFO: [Labtools 27-1966] The ILA core 'hw_ila_1' triggered at 2020-Feb-08 21:30:22
INFO: [Labtools 27-3304] ILA Waveform data saved to file E:/Exercise/FPGA/v3edu/10_rx_filter_crc/vivado/Gige_HDMI/Gige_HDMI.hw/backup/hw_ila_data_1.ila. Use Tcl command 'read_hw_ila_data' or Vivado File->Import->Import ILA Data menu item to import the previously saved data.
save_wave_config {E:/Exercise/FPGA/v3edu/10_rx_filter_crc/vivado/Gige_HDMI/Gige_HDMI.hw/hw_1/wave/hw_ila_data_1/hw_ila_data_1.wcfg}
exit
INFO: [Common 17-206] Exiting Vivado at Sat Feb  8 21:30:38 2020...
